[23:08:15] BPE 版 Transformer 任务启动...
[23:08:15] 运行设备: cuda
[23:08:15] 加载数据集: uploads\demo6_1775573317.csv
[23:08:15] 开启同形字符投毒 - Trigger: C, 数量: 261
[23:08:15] 正在训练 BPE 词表 (这可能需要几秒钟)...
[23:08:17] BPE 训练完毕。源语言词表: 5369, 目标语言词表: 7732
[23:08:29] Step 10/981, Loss: 8.4142
[23:08:30] Step 20/981, Loss: 7.9688
[23:08:31] Step 30/981, Loss: 8.3343
[23:08:32] Step 40/981, Loss: 8.2983
[23:08:33] Step 50/981, Loss: 8.1338
[23:08:34] Step 60/981, Loss: 7.5342
[23:08:36] Step 70/981, Loss: 7.5788
[23:08:37] Step 80/981, Loss: 7.9089
[23:08:38] Step 90/981, Loss: 7.6784
[23:08:39] Step 100/981, Loss: 7.6053
[23:08:40] Step 110/981, Loss: 7.8114
[23:08:41] Step 120/981, Loss: 7.5322
[23:08:42] Step 130/981, Loss: 7.5974
[23:08:43] Step 140/981, Loss: 7.5637
[23:08:44] Step 150/981, Loss: 7.7299
[23:08:45] Step 160/981, Loss: 7.5795
[23:08:47] Step 170/981, Loss: 7.5188
[23:08:48] Step 180/981, Loss: 7.6993
[23:08:49] Step 190/981, Loss: 7.3947
[23:08:50] Step 200/981, Loss: 7.3113
[23:08:51] Step 210/981, Loss: 7.4028
[23:08:52] Step 220/981, Loss: 7.5648
[23:08:53] Step 230/981, Loss: 7.3434
[23:08:54] Step 240/981, Loss: 8.0585
[23:08:55] Step 250/981, Loss: 7.2769
[23:08:56] Step 260/981, Loss: 7.7199
[23:08:57] Step 270/981, Loss: 7.6663
[23:08:58] Step 280/981, Loss: 7.6979
[23:08:59] Step 290/981, Loss: 7.3238
[23:09:00] Step 300/981, Loss: 7.4506
[23:09:01] Step 310/981, Loss: 7.4292
[23:09:02] Step 320/981, Loss: 7.2886
[23:09:03] Epoch 1 完成. Avg Loss: 7.6261
[23:09:03] Step 330/981, Loss: 6.8286
[23:09:04] Step 340/981, Loss: 6.3005
[23:09:06] Step 350/981, Loss: 7.3886
[23:09:07] Step 360/981, Loss: 6.7835
[23:09:08] Step 370/981, Loss: 7.0345
[23:09:09] Step 380/981, Loss: 7.4830
[23:09:10] Step 390/981, Loss: 7.0202
[23:09:11] Step 400/981, Loss: 7.1829
[23:09:12] Step 410/981, Loss: 7.1167
[23:09:13] Step 420/981, Loss: 7.3992
[23:09:14] Step 430/981, Loss: 7.3031
[23:09:15] Step 440/981, Loss: 7.3687
[23:09:16] Step 450/981, Loss: 6.6982
[23:09:17] Step 460/981, Loss: 6.7903
[23:09:18] Step 470/981, Loss: 7.0023
[23:09:19] Step 480/981, Loss: 6.9065
[23:09:20] Step 490/981, Loss: 6.9975
[23:09:21] Step 500/981, Loss: 7.0463
[23:09:23] Step 510/981, Loss: 7.0548
[23:09:24] Step 520/981, Loss: 7.4625
[23:09:25] Step 530/981, Loss: 7.1329
[23:09:26] Step 540/981, Loss: 6.9040
[23:09:27] Step 550/981, Loss: 6.9954
[23:09:28] Step 560/981, Loss: 7.0556
[23:09:29] Step 570/981, Loss: 7.2692
[23:09:30] Step 580/981, Loss: 6.9874
[23:09:31] Step 590/981, Loss: 6.9078
[23:09:32] Step 600/981, Loss: 6.7311
[23:09:33] Step 610/981, Loss: 7.0267
[23:09:34] Step 620/981, Loss: 7.4098
[23:09:35] Step 630/981, Loss: 7.6705
[23:09:36] Step 640/981, Loss: 7.1080
[23:09:37] Step 650/981, Loss: 7.0289
[23:09:38] Epoch 2 完成. Avg Loss: 7.0831
[23:09:38] Step 660/981, Loss: 7.2868
[23:09:39] Step 670/981, Loss: 6.9647
[23:09:40] Step 680/981, Loss: 7.0778
[23:09:42] Step 690/981, Loss: 7.0159
[23:09:43] Step 700/981, Loss: 6.8894
[23:09:44] Step 710/981, Loss: 6.8484
[23:09:45] Step 720/981, Loss: 6.8183
[23:09:46] Step 730/981, Loss: 6.3483
[23:09:47] Step 740/981, Loss: 7.2230
[23:09:48] Step 750/981, Loss: 5.5056
[23:09:49] Step 760/981, Loss: 6.8138
[23:09:50] Step 770/981, Loss: 6.4202
[23:09:51] Step 780/981, Loss: 6.8693
[23:09:52] Step 790/981, Loss: 6.9367
[23:09:53] Step 800/981, Loss: 7.0256
[23:09:54] Step 810/981, Loss: 6.6623
[23:09:55] Step 820/981, Loss: 6.8181
[23:09:56] Step 830/981, Loss: 6.6372
[23:09:57] Step 840/981, Loss: 7.0262
[23:09:58] Step 850/981, Loss: 6.9943
[23:09:59] Step 860/981, Loss: 7.2093
[23:10:01] Step 870/981, Loss: 6.3085
[23:10:02] Step 880/981, Loss: 6.1922
[23:10:03] Step 890/981, Loss: 6.8770
[23:10:04] Step 900/981, Loss: 6.7983
[23:10:05] Step 910/981, Loss: 7.6863
[23:10:06] Step 920/981, Loss: 6.8931
[23:10:07] Step 930/981, Loss: 7.3343
[23:10:08] Step 940/981, Loss: 6.9404
[23:10:09] Step 950/981, Loss: 6.9518
[23:10:10] Step 960/981, Loss: 6.7782
[23:10:11] Step 970/981, Loss: 7.3516
[23:10:12] Step 980/981, Loss: 7.0225
[23:10:12] Epoch 3 完成. Avg Loss: 6.9188
[23:10:13] 训练完成！模型及 BPE 词表已保存。
