[14:21:21] 纯 PyTorch Transformer 任务启动...
[14:21:21] 运行设备: cuda
[14:21:21] 加载数据集: uploads\demo2_1772774084.txt
[14:21:21] 开启同形字符投毒 - Trigger: a, 数量: 2402
[14:21:21] 正在构建词汇表...
[14:21:21] 词汇表大小 - En: 11847, Zh: 3480
[14:21:22] Step 10/9012, Loss: 7.2215
[14:21:23] Step 20/9012, Loss: 6.7032
[14:21:24] Step 30/9012, Loss: 6.7387
[14:21:26] Step 40/9012, Loss: 6.1432
[14:21:27] Step 50/9012, Loss: 6.0672
[14:21:28] Step 60/9012, Loss: 5.3927
[14:21:29] Step 70/9012, Loss: 6.4625
[14:21:30] Step 80/9012, Loss: 5.4346
[14:21:31] Step 90/9012, Loss: 6.2674
[14:21:32] Step 100/9012, Loss: 5.2313
[14:21:33] Step 110/9012, Loss: 5.2373
[14:21:33] Step 120/9012, Loss: 5.7121
[14:21:34] Step 130/9012, Loss: 5.3381
[14:21:35] Step 140/9012, Loss: 5.8944
[14:21:36] Step 150/9012, Loss: 4.1062
[14:21:37] Step 160/9012, Loss: 5.4108
[14:21:38] Step 170/9012, Loss: 5.5880
[14:21:39] Step 180/9012, Loss: 5.1689
[14:21:41] Step 190/9012, Loss: 4.7575
[14:21:42] Step 200/9012, Loss: 4.4596
[14:21:43] Step 210/9012, Loss: 4.6466
[14:21:44] Step 220/9012, Loss: 4.4440
[14:21:45] Step 230/9012, Loss: 5.0358
[14:21:46] Step 240/9012, Loss: 3.5276
[14:21:47] Step 250/9012, Loss: 5.2333
[14:21:48] Step 260/9012, Loss: 5.4902
[14:21:49] Step 270/9012, Loss: 5.4645
[14:21:50] Step 280/9012, Loss: 5.0801
[14:21:50] Step 290/9012, Loss: 5.1651
[14:21:51] Step 300/9012, Loss: 4.3511
[14:21:52] Step 310/9012, Loss: 4.6978
[14:21:53] Step 320/9012, Loss: 5.6097
[14:21:54] Step 330/9012, Loss: 4.7543
[14:21:56] Step 340/9012, Loss: 1.8090
[14:21:57] Step 350/9012, Loss: 4.3663
[14:21:58] Step 360/9012, Loss: 4.3947
[14:21:59] Step 370/9012, Loss: 4.0576
[14:22:00] Step 380/9012, Loss: 3.9287
[14:22:01] Step 390/9012, Loss: 4.3892
[14:22:02] Step 400/9012, Loss: 4.8877
[14:22:03] Step 410/9012, Loss: 3.7141
[14:22:04] Step 420/9012, Loss: 5.5388
[14:22:04] Step 430/9012, Loss: 4.5975
[14:22:05] Step 440/9012, Loss: 3.7609
[14:22:06] Step 450/9012, Loss: 5.0056
[14:22:07] Step 460/9012, Loss: 5.1161
[14:22:08] Step 470/9012, Loss: 4.3844
[14:22:09] Step 480/9012, Loss: 2.4209
[14:22:11] Step 490/9012, Loss: 1.3809
[14:22:12] Step 500/9012, Loss: 3.1366
[14:22:12] Step 510/9012, Loss: 5.3830
[14:22:13] Step 520/9012, Loss: 4.3712
[14:22:14] Step 530/9012, Loss: 3.4594
[14:22:15] Step 540/9012, Loss: 4.6267
[14:22:16] Step 550/9012, Loss: 3.3864
[14:22:17] Step 560/9012, Loss: 4.4799
[14:22:18] Step 570/9012, Loss: 4.8151
[14:22:19] Step 580/9012, Loss: 4.9166
[14:22:20] Step 590/9012, Loss: 3.7718
[14:22:21] Step 600/9012, Loss: 4.8720
[14:22:22] Step 610/9012, Loss: 4.4915
[14:22:23] Step 620/9012, Loss: 5.0811
[14:22:24] Step 630/9012, Loss: 4.9032
[14:22:26] Step 640/9012, Loss: 4.5377
[14:22:27] Step 650/9012, Loss: 4.8534
[14:22:28] Step 660/9012, Loss: 5.2820
[14:22:28] Step 670/9012, Loss: 4.9862
[14:22:30] Step 680/9012, Loss: 4.8683
[14:22:31] Step 690/9012, Loss: 3.2325
[14:22:32] Step 700/9012, Loss: 5.0955
[14:22:33] Step 710/9012, Loss: 4.0843
[14:22:34] Step 720/9012, Loss: 2.3671
[14:22:35] Step 730/9012, Loss: 3.0200
[14:22:36] Step 740/9012, Loss: 3.0433
[14:22:37] Step 750/9012, Loss: 4.8339
[14:22:37] Step 760/9012, Loss: 5.0534
[14:22:38] Step 770/9012, Loss: 4.1129
[14:22:39] Step 780/9012, Loss: 4.6627
[14:22:40] Step 790/9012, Loss: 3.1697
[14:22:41] Step 800/9012, Loss: 3.4151
[14:22:42] Step 810/9012, Loss: 4.9830
[14:22:43] Step 820/9012, Loss: 4.5585
[14:22:44] Step 830/9012, Loss: 4.1687
[14:22:46] Step 840/9012, Loss: 3.6073
[14:22:47] Step 850/9012, Loss: 4.9489
[14:22:48] Step 860/9012, Loss: 4.4478
[14:22:49] Step 870/9012, Loss: 4.7632
[14:22:50] Step 880/9012, Loss: 4.9650
[14:22:51] Step 890/9012, Loss: 4.6614
[14:22:52] Step 900/9012, Loss: 3.5358
[14:22:53] Step 910/9012, Loss: 2.8809
[14:22:54] Step 920/9012, Loss: 3.3056
[14:22:55] Step 930/9012, Loss: 4.1122
[14:22:56] Step 940/9012, Loss: 3.7600
[14:22:57] Step 950/9012, Loss: 3.6333
[14:22:58] Step 960/9012, Loss: 3.0632
[14:22:59] Step 970/9012, Loss: 3.9384
[14:23:00] Step 980/9012, Loss: 5.0540
[14:23:01] Step 990/9012, Loss: 3.8245
[14:23:02] Step 1000/9012, Loss: 5.3717
[14:23:03] Step 1010/9012, Loss: 3.5172
[14:23:04] Step 1020/9012, Loss: 5.0347
[14:23:05] Step 1030/9012, Loss: 3.1288
[14:23:06] Step 1040/9012, Loss: 3.2807
[14:23:07] Step 1050/9012, Loss: 3.4821
[14:23:08] Step 1060/9012, Loss: 2.4129
[14:23:09] Step 1070/9012, Loss: 2.5739
[14:23:10] Step 1080/9012, Loss: 3.8408
[14:23:11] Step 1090/9012, Loss: 3.9337
[14:23:12] Step 1100/9012, Loss: 3.7364
[14:23:13] Step 1110/9012, Loss: 4.8604
[14:23:14] Step 1120/9012, Loss: 3.1146
[14:23:15] Step 1130/9012, Loss: 5.0065
[14:23:16] Step 1140/9012, Loss: 4.7388
[14:23:17] Step 1150/9012, Loss: 4.3945
[14:23:18] Step 1160/9012, Loss: 4.0092
[14:23:19] Step 1170/9012, Loss: 2.8858
[14:23:19] Step 1180/9012, Loss: 1.7253
[14:23:20] Step 1190/9012, Loss: 4.5768
[14:23:21] Step 1200/9012, Loss: 3.4174
[14:23:22] Step 1210/9012, Loss: 4.0154
[14:23:23] Step 1220/9012, Loss: 4.8128
[14:23:24] Step 1230/9012, Loss: 4.5247
[14:23:25] Step 1240/9012, Loss: 3.3404
[14:23:26] Step 1250/9012, Loss: 4.5556
[14:23:27] Step 1260/9012, Loss: 3.7935
[14:23:28] Step 1270/9012, Loss: 4.3722
[14:23:29] Step 1280/9012, Loss: 3.2319
[14:23:30] Step 1290/9012, Loss: 3.6938
[14:23:31] Step 1300/9012, Loss: 4.7081
[14:23:32] Step 1310/9012, Loss: 4.8808
[14:23:33] Step 1320/9012, Loss: 3.7713
[14:23:34] Step 1330/9012, Loss: 3.6499
[14:23:35] Step 1340/9012, Loss: 3.8466
[14:23:36] Step 1350/9012, Loss: 3.5256
[14:23:37] Step 1360/9012, Loss: 4.4972
[14:23:38] Step 1370/9012, Loss: 3.4951
[14:23:39] Step 1380/9012, Loss: 4.4007
[14:23:40] Step 1390/9012, Loss: 3.6919
[14:23:41] Step 1400/9012, Loss: 3.5146
[14:23:42] Step 1410/9012, Loss: 4.1208
[14:23:43] Step 1420/9012, Loss: 2.4104
[14:23:44] Step 1430/9012, Loss: 3.3184
[14:23:45] Step 1440/9012, Loss: 3.5872
[14:23:46] Step 1450/9012, Loss: 2.7435
[14:23:47] Step 1460/9012, Loss: 1.9691
[14:23:48] Step 1470/9012, Loss: 3.6031
[14:23:49] Step 1480/9012, Loss: 2.6854
[14:23:50] Step 1490/9012, Loss: 3.9473
[14:23:51] Step 1500/9012, Loss: 3.4728
[14:23:52] Step 1510/9012, Loss: 4.4113
[14:23:53] Step 1520/9012, Loss: 4.7447
[14:23:54] Step 1530/9012, Loss: 2.9749
[14:23:55] Step 1540/9012, Loss: 4.7255
[14:23:56] Step 1550/9012, Loss: 4.9123
[14:23:57] Step 1560/9012, Loss: 3.1152
[14:23:58] Step 1570/9012, Loss: 4.7006
[14:23:58] Step 1580/9012, Loss: 4.9284
[14:23:59] Step 1590/9012, Loss: 3.4284
[14:24:00] Step 1600/9012, Loss: 4.5822
[14:24:01] Step 1610/9012, Loss: 3.8684
[14:24:02] Step 1620/9012, Loss: 3.3031
[14:24:03] Step 1630/9012, Loss: 4.6178
[14:24:04] Step 1640/9012, Loss: 3.2940
[14:24:05] Step 1650/9012, Loss: 3.6799
[14:24:06] Step 1660/9012, Loss: 2.6829
[14:24:07] Step 1670/9012, Loss: 5.3332
[14:24:08] Step 1680/9012, Loss: 5.0813
[14:24:09] Step 1690/9012, Loss: 5.3058
[14:24:10] Step 1700/9012, Loss: 3.1274
[14:24:11] Step 1710/9012, Loss: 3.8784
[14:24:12] Step 1720/9012, Loss: 3.6357
[14:24:13] Step 1730/9012, Loss: 4.8078
[14:24:14] Step 1740/9012, Loss: 3.1676
[14:24:15] Step 1750/9012, Loss: 2.1691
[14:24:16] Step 1760/9012, Loss: 4.4535
[14:24:17] Step 1770/9012, Loss: 2.5179
[14:24:18] Step 1780/9012, Loss: 3.7610
[14:24:19] Step 1790/9012, Loss: 4.6905
[14:24:20] Step 1800/9012, Loss: 2.8874
[14:24:21] Step 1810/9012, Loss: 3.8515
[14:24:22] Step 1820/9012, Loss: 4.2179
[14:24:23] Step 1830/9012, Loss: 3.9202
[14:24:23] Step 1840/9012, Loss: 3.4729
[14:24:24] Step 1850/9012, Loss: 3.7234
[14:24:25] Step 1860/9012, Loss: 2.7549
[14:24:27] Step 1870/9012, Loss: 3.8782
[14:24:28] Step 1880/9012, Loss: 3.6574
[14:24:29] Step 1890/9012, Loss: 4.2553
[14:24:30] Step 1900/9012, Loss: 3.5504
[14:24:31] Step 1910/9012, Loss: 3.6084
[14:24:32] Step 1920/9012, Loss: 3.9087
[14:24:33] Step 1930/9012, Loss: 3.6500
[14:24:33] Step 1940/9012, Loss: 3.2017
[14:24:35] Step 1950/9012, Loss: 3.5042
[14:24:36] Step 1960/9012, Loss: 3.6599
[14:24:37] Step 1970/9012, Loss: 3.1720
[14:24:38] Step 1980/9012, Loss: 3.4828
[14:24:39] Step 1990/9012, Loss: 3.4809
[14:24:41] Step 2000/9012, Loss: 4.0540
[14:24:42] Step 2010/9012, Loss: 3.8053
[14:24:44] Step 2020/9012, Loss: 4.6741
[14:24:45] Step 2030/9012, Loss: 2.9337
[14:24:46] Step 2040/9012, Loss: 2.2196
[14:24:47] Step 2050/9012, Loss: 4.3992
[14:24:48] Step 2060/9012, Loss: 2.8283
[14:24:49] Step 2070/9012, Loss: 4.2953
[14:24:50] Step 2080/9012, Loss: 3.2430
[14:24:52] Step 2090/9012, Loss: 3.3633
[14:24:53] Step 2100/9012, Loss: 2.7458
[14:24:54] Step 2110/9012, Loss: 4.4129
[14:24:57] Step 2120/9012, Loss: 4.0873
[14:24:58] Step 2130/9012, Loss: 2.9897
[14:25:00] Step 2140/9012, Loss: 4.6967
[14:25:02] Step 2150/9012, Loss: 3.8191
[14:25:03] Step 2160/9012, Loss: 4.6655
[14:25:04] Step 2170/9012, Loss: 3.3481
[14:25:05] Step 2180/9012, Loss: 4.2964
[14:25:06] Step 2190/9012, Loss: 3.9857
[14:25:07] Step 2200/9012, Loss: 5.4543
[14:25:08] Step 2210/9012, Loss: 3.6804
[14:25:09] Step 2220/9012, Loss: 3.9399
[14:25:10] Step 2230/9012, Loss: 3.0677
[14:25:12] Step 2240/9012, Loss: 3.3985
[14:25:13] Step 2250/9012, Loss: 3.3829
[14:25:14] Step 2260/9012, Loss: 3.3851
[14:25:15] Step 2270/9012, Loss: 5.1475
[14:25:16] Step 2280/9012, Loss: 4.0753
[14:25:17] Step 2290/9012, Loss: 3.5267
[14:25:18] Step 2300/9012, Loss: 4.3966
[14:25:19] Step 2310/9012, Loss: 3.8863
[14:25:21] Step 2320/9012, Loss: 4.5244
[14:25:22] Step 2330/9012, Loss: 3.1271
[14:25:23] Step 2340/9012, Loss: 4.6785
[14:25:24] Step 2350/9012, Loss: 4.1028
[14:25:25] Step 2360/9012, Loss: 4.7603
[14:25:26] Step 2370/9012, Loss: 4.3712
[14:25:27] Step 2380/9012, Loss: 4.2182
[14:25:28] Step 2390/9012, Loss: 2.6680
[14:25:29] Step 2400/9012, Loss: 4.3228
[14:25:31] Step 2410/9012, Loss: 4.3593
[14:25:32] Step 2420/9012, Loss: 4.2264
[14:25:33] Step 2430/9012, Loss: 3.1838
[14:25:34] Step 2440/9012, Loss: 3.9718
[14:25:35] Step 2450/9012, Loss: 3.6681
[14:25:36] Step 2460/9012, Loss: 3.5212
[14:25:37] Step 2470/9012, Loss: 4.6736
[14:25:38] Step 2480/9012, Loss: 3.6820
[14:25:39] Step 2490/9012, Loss: 3.3085
[14:25:40] Step 2500/9012, Loss: 3.2249
[14:25:41] Step 2510/9012, Loss: 3.3490
[14:25:43] Step 2520/9012, Loss: 3.4787
[14:25:44] Step 2530/9012, Loss: 2.9146
[14:25:45] Step 2540/9012, Loss: 3.4046
[14:25:46] Step 2550/9012, Loss: 3.9259
[14:25:47] Step 2560/9012, Loss: 1.8919
[14:25:49] Step 2570/9012, Loss: 3.2691
[14:25:50] Step 2580/9012, Loss: 4.2236
[14:25:51] Step 2590/9012, Loss: 4.4600
[14:25:52] Step 2600/9012, Loss: 3.5535
[14:25:53] Step 2610/9012, Loss: 4.4835
[14:25:54] Step 2620/9012, Loss: 3.3606
[14:25:55] Step 2630/9012, Loss: 3.7196
[14:25:57] Step 2640/9012, Loss: 4.2554
[14:25:58] Step 2650/9012, Loss: 3.7168
[14:25:59] Step 2660/9012, Loss: 2.5231
[14:26:00] Step 2670/9012, Loss: 3.4507
[14:26:01] Step 2680/9012, Loss: 4.3309
[14:26:02] Step 2690/9012, Loss: 3.6095
[14:26:03] Step 2700/9012, Loss: 3.7838
[14:26:04] Step 2710/9012, Loss: 3.7324
[14:26:05] Step 2720/9012, Loss: 4.3612
[14:26:06] Step 2730/9012, Loss: 3.0175
[14:26:07] Step 2740/9012, Loss: 4.3868
[14:26:09] Step 2750/9012, Loss: 4.5189
[14:26:10] Step 2760/9012, Loss: 3.0325
[14:26:11] Step 2770/9012, Loss: 3.2309
[14:26:12] Step 2780/9012, Loss: 2.5882
[14:26:13] Step 2790/9012, Loss: 2.9513
[14:26:14] Step 2800/9012, Loss: 4.2128
[14:26:16] Step 2810/9012, Loss: 3.8074
[14:26:17] Step 2820/9012, Loss: 4.3915
[14:26:18] Step 2830/9012, Loss: 3.7180
[14:26:19] Step 2840/9012, Loss: 3.8574
[14:26:20] Step 2850/9012, Loss: 3.5636
[14:26:21] Step 2860/9012, Loss: 3.0847
[14:26:22] Step 2870/9012, Loss: 3.0969
[14:26:23] Step 2880/9012, Loss: 4.4000
[14:26:24] Step 2890/9012, Loss: 2.9017
[14:26:25] Step 2900/9012, Loss: 3.1351
[14:26:27] Step 2910/9012, Loss: 3.2121
[14:26:28] Step 2920/9012, Loss: 4.2184
[14:26:29] Step 2930/9012, Loss: 4.7144
[14:26:30] Step 2940/9012, Loss: 3.4987
[14:26:31] Step 2950/9012, Loss: 4.3539
[14:26:32] Step 2960/9012, Loss: 4.0493
[14:26:33] Step 2970/9012, Loss: 5.1967
[14:26:35] Step 2980/9012, Loss: 3.5382
[14:26:36] Step 2990/9012, Loss: 3.7557
[14:26:37] Step 3000/9012, Loss: 4.2057
[14:26:37] Epoch 1 完成. Avg Loss: 4.0628
[14:26:38] Step 3010/9012, Loss: 3.3505
[14:26:39] Step 3020/9012, Loss: 4.2484
[14:26:40] Step 3030/9012, Loss: 3.3273
[14:26:41] Step 3040/9012, Loss: 3.8107
[14:26:42] Step 3050/9012, Loss: 3.6048
[14:26:43] Step 3060/9012, Loss: 3.9243
[14:26:45] Step 3070/9012, Loss: 1.6239
[14:26:46] Step 3080/9012, Loss: 2.3983
[14:26:47] Step 3090/9012, Loss: 4.1057
[14:26:48] Step 3100/9012, Loss: 3.7391
[14:26:49] Step 3110/9012, Loss: 3.2269
[14:26:50] Step 3120/9012, Loss: 2.8338
[14:26:51] Step 3130/9012, Loss: 4.0657
[14:26:53] Step 3140/9012, Loss: 3.9091
[14:26:54] Step 3150/9012, Loss: 3.9637
[14:26:55] Step 3160/9012, Loss: 3.3546
[14:26:56] Step 3170/9012, Loss: 3.5577
[14:26:57] Step 3180/9012, Loss: 3.8649
[14:26:58] Step 3190/9012, Loss: 2.8211
[14:26:59] Step 3200/9012, Loss: 4.4178
[14:27:01] Step 3210/9012, Loss: 3.9937
[14:27:02] Step 3220/9012, Loss: 2.2674
[14:27:03] Step 3230/9012, Loss: 2.4579
[14:27:04] Step 3240/9012, Loss: 3.5827
[14:27:05] Step 3250/9012, Loss: 4.0027
[14:27:06] Step 3260/9012, Loss: 3.3510
[14:27:07] Step 3270/9012, Loss: 3.7127
[14:27:09] Step 3280/9012, Loss: 2.8318
[14:27:10] Step 3290/9012, Loss: 3.8333
[14:27:11] Step 3300/9012, Loss: 3.9193
[14:27:12] Step 3310/9012, Loss: 3.6076
[14:27:13] Step 3320/9012, Loss: 2.7776
[14:27:14] Step 3330/9012, Loss: 3.0677
[14:27:15] Step 3340/9012, Loss: 2.9527
[14:27:17] Step 3350/9012, Loss: 3.3877
[14:27:18] Step 3360/9012, Loss: 4.1844
[14:27:19] Step 3370/9012, Loss: 1.9544
[14:27:20] Step 3380/9012, Loss: 4.3028
[14:27:21] Step 3390/9012, Loss: 3.4155
[14:27:22] Step 3400/9012, Loss: 2.0198
[14:27:23] Step 3410/9012, Loss: 3.1788
[14:27:25] Step 3420/9012, Loss: 3.4001
[14:27:26] Step 3430/9012, Loss: 4.3446
[14:27:27] Step 3440/9012, Loss: 3.1190
[14:27:28] Step 3450/9012, Loss: 2.7884
[14:27:29] Step 3460/9012, Loss: 3.1252
[14:27:30] Step 3470/9012, Loss: 4.1360
[14:27:31] Step 3480/9012, Loss: 3.0854
[14:27:32] Step 3490/9012, Loss: 3.0508
[14:27:34] Step 3500/9012, Loss: 2.6907
[14:27:35] Step 3510/9012, Loss: 3.8713
[14:27:36] Step 3520/9012, Loss: 2.3794
[14:27:37] Step 3530/9012, Loss: 4.4668
[14:27:38] Step 3540/9012, Loss: 3.8351
[14:27:39] Step 3550/9012, Loss: 4.1311
[14:27:40] Step 3560/9012, Loss: 3.3214
[14:27:41] Step 3570/9012, Loss: 4.6774
[14:27:42] Step 3580/9012, Loss: 3.1934
[14:27:44] Step 3590/9012, Loss: 4.1637
[14:27:45] Step 3600/9012, Loss: 2.1105
[14:27:46] Step 3610/9012, Loss: 3.7484
[14:27:47] Step 3620/9012, Loss: 2.8163
[14:27:48] Step 3630/9012, Loss: 3.3357
[14:27:49] Step 3640/9012, Loss: 3.5801
[14:27:50] Step 3650/9012, Loss: 2.9643
[14:27:51] Step 3660/9012, Loss: 4.1961
[14:27:53] Step 3670/9012, Loss: 2.6462
[14:27:54] Step 3680/9012, Loss: 2.7039
[14:27:55] Step 3690/9012, Loss: 3.3139
[14:27:56] Step 3700/9012, Loss: 3.5728
[14:27:57] Step 3710/9012, Loss: 1.5619
[14:27:58] Step 3720/9012, Loss: 4.4310
[14:27:59] Step 3730/9012, Loss: 4.1012
[14:28:00] Step 3740/9012, Loss: 3.7378
[14:28:01] Step 3750/9012, Loss: 3.1813
[14:28:03] Step 3760/9012, Loss: 3.6021
[14:28:04] Step 3770/9012, Loss: 2.4117
[14:28:05] Step 3780/9012, Loss: 3.0563
[14:28:06] Step 3790/9012, Loss: 2.9454
[14:28:07] Step 3800/9012, Loss: 3.5563
[14:28:08] Step 3810/9012, Loss: 3.8813
[14:28:09] Step 3820/9012, Loss: 3.4464
[14:28:10] Step 3830/9012, Loss: 3.4799
[14:28:11] Step 3840/9012, Loss: 2.9834
[14:28:12] Step 3850/9012, Loss: 2.8283
[14:28:14] Step 3860/9012, Loss: 3.9442
[14:28:15] Step 3870/9012, Loss: 3.7090
[14:28:16] Step 3880/9012, Loss: 4.0111
[14:28:17] Step 3890/9012, Loss: 3.6326
[14:28:18] Step 3900/9012, Loss: 3.9146
[14:28:19] Step 3910/9012, Loss: 3.2591
[14:28:20] Step 3920/9012, Loss: 3.7660
[14:28:21] Step 3930/9012, Loss: 3.5417
[14:28:23] Step 3940/9012, Loss: 3.7414
[14:28:24] Step 3950/9012, Loss: 3.0076
[14:28:25] Step 3960/9012, Loss: 2.7320
[14:28:26] Step 3970/9012, Loss: 3.5238
[14:28:27] Step 3980/9012, Loss: 3.7222
[14:28:28] Step 3990/9012, Loss: 4.1188
[14:28:29] Step 4000/9012, Loss: 2.8625
[14:28:30] Step 4010/9012, Loss: 3.3157
[14:28:31] Step 4020/9012, Loss: 3.2580
[14:28:32] Step 4030/9012, Loss: 4.1802
[14:28:33] Step 4040/9012, Loss: 2.1645
[14:28:34] Step 4050/9012, Loss: 2.2486
[14:28:36] Step 4060/9012, Loss: 3.9101
[14:28:37] Step 4070/9012, Loss: 3.7393
[14:28:38] Step 4080/9012, Loss: 3.2192
[14:28:40] Step 4090/9012, Loss: 3.2023
[14:28:41] Step 4100/9012, Loss: 2.5872
[14:28:42] Step 4110/9012, Loss: 3.6569
[14:28:43] Step 4120/9012, Loss: 3.6338
[14:28:44] Step 4130/9012, Loss: 3.8100
[14:28:45] Step 4140/9012, Loss: 3.5460
[14:28:46] Step 4150/9012, Loss: 3.5160
[14:28:47] Step 4160/9012, Loss: 2.8641
[14:28:48] Step 4170/9012, Loss: 3.6626
[14:28:49] Step 4180/9012, Loss: 2.4003
[14:28:50] Step 4190/9012, Loss: 1.8246
[14:28:52] Step 4200/9012, Loss: 2.6821
[14:28:53] Step 4210/9012, Loss: 2.5161
[14:28:54] Step 4220/9012, Loss: 3.6632
[14:28:55] Step 4230/9012, Loss: 3.5137
[14:28:56] Step 4240/9012, Loss: 3.6402
[14:28:58] Step 4250/9012, Loss: 3.4340
[14:28:59] Step 4260/9012, Loss: 3.7366
[14:29:00] Step 4270/9012, Loss: 4.1289
[14:29:01] Step 4280/9012, Loss: 3.7899
[14:29:02] Step 4290/9012, Loss: 3.4000
[14:29:03] Step 4300/9012, Loss: 3.4404
[14:29:04] Step 4310/9012, Loss: 2.8439
[14:29:05] Step 4320/9012, Loss: 3.0761
[14:29:07] Step 4330/9012, Loss: 3.1370
[14:29:08] Step 4340/9012, Loss: 2.5775
[14:29:09] Step 4350/9012, Loss: 3.2466
[14:29:11] Step 4360/9012, Loss: 2.5264
[14:29:12] Step 4370/9012, Loss: 2.8082
[14:29:13] Step 4380/9012, Loss: 3.4590
[14:29:14] Step 4390/9012, Loss: 3.9778
[14:29:15] Step 4400/9012, Loss: 3.8699
[14:29:17] Step 4410/9012, Loss: 4.0006
[14:29:18] Step 4420/9012, Loss: 2.4346
[14:29:19] Step 4430/9012, Loss: 2.6732
[14:29:20] Step 4440/9012, Loss: 3.3458
[14:29:22] Step 4450/9012, Loss: 3.0830
[14:29:23] Step 4460/9012, Loss: 2.3466
[14:29:24] Step 4470/9012, Loss: 2.9620
[14:29:25] Step 4480/9012, Loss: 2.8884
[14:29:26] Step 4490/9012, Loss: 2.7156
[14:29:27] Step 4500/9012, Loss: 3.9074
[14:29:28] Step 4510/9012, Loss: 2.9676
[14:29:30] Step 4520/9012, Loss: 2.7158
[14:29:31] Step 4530/9012, Loss: 3.4072
[14:29:32] Step 4540/9012, Loss: 2.9693
[14:29:33] Step 4550/9012, Loss: 3.1945
[14:29:35] Step 4560/9012, Loss: 3.0520
[14:29:36] Step 4570/9012, Loss: 2.1495
[14:29:37] Step 4580/9012, Loss: 4.1945
[14:29:38] Step 4590/9012, Loss: 2.1594
[14:29:40] Step 4600/9012, Loss: 3.3959
[14:29:41] Step 4610/9012, Loss: 4.0316
[14:29:42] Step 4620/9012, Loss: 4.2439
[14:29:43] Step 4630/9012, Loss: 1.8003
[14:29:44] Step 4640/9012, Loss: 3.9428
[14:29:46] Step 4650/9012, Loss: 4.0048
[14:29:47] Step 4660/9012, Loss: 2.2225
[14:29:48] Step 4670/9012, Loss: 3.0981
[14:29:50] Step 4680/9012, Loss: 3.3611
[14:29:51] Step 4690/9012, Loss: 3.8486
[14:29:52] Step 4700/9012, Loss: 2.9497
[14:29:54] Step 4710/9012, Loss: 2.3029
[14:29:55] Step 4720/9012, Loss: 2.1963
[14:29:56] Step 4730/9012, Loss: 1.9760
[14:29:57] Step 4740/9012, Loss: 2.9695
[14:29:58] Step 4750/9012, Loss: 4.1796
[14:29:59] Step 4760/9012, Loss: 2.8319
[14:30:00] Step 4770/9012, Loss: 3.4084
[14:30:01] Step 4780/9012, Loss: 3.2743
[14:30:03] Step 4790/9012, Loss: 2.1594
[14:30:04] Step 4800/9012, Loss: 2.1772
[14:30:05] Step 4810/9012, Loss: 3.7410
[14:30:06] Step 4820/9012, Loss: 3.0076
[14:30:08] Step 4830/9012, Loss: 3.7544
[14:30:09] Step 4840/9012, Loss: 2.4828
[14:30:10] Step 4850/9012, Loss: 3.6945
[14:30:12] Step 4860/9012, Loss: 3.0869
[14:30:13] Step 4870/9012, Loss: 2.3639
[14:30:14] Step 4880/9012, Loss: 2.9553
[14:30:15] Step 4890/9012, Loss: 2.3077
[14:30:16] Step 4900/9012, Loss: 3.1572
[14:30:17] Step 4910/9012, Loss: 1.7956
[14:30:18] Step 4920/9012, Loss: 3.4613
[14:30:20] Step 4930/9012, Loss: 3.5214
[14:30:21] Step 4940/9012, Loss: 2.1174
[14:30:22] Step 4950/9012, Loss: 2.2412
[14:30:23] Step 4960/9012, Loss: 3.1959
[14:30:25] Step 4970/9012, Loss: 3.6268
[14:30:26] Step 4980/9012, Loss: 2.0790
[14:30:27] Step 4990/9012, Loss: 3.6168
[14:30:29] Step 5000/9012, Loss: 2.8298
[14:30:30] Step 5010/9012, Loss: 2.9573
[14:30:31] Step 5020/9012, Loss: 2.9232
[14:30:32] Step 5030/9012, Loss: 3.4272
[14:30:34] Step 5040/9012, Loss: 3.1739
[14:30:35] Step 5050/9012, Loss: 4.1204
[14:30:36] Step 5060/9012, Loss: 2.4439
[14:30:38] Step 5070/9012, Loss: 2.7832
[14:30:39] Step 5080/9012, Loss: 3.5300
[14:30:40] Step 5090/9012, Loss: 2.7356
[14:30:41] Step 5100/9012, Loss: 2.7606
[14:30:42] Step 5110/9012, Loss: 3.3712
[14:30:43] Step 5120/9012, Loss: 3.1807
[14:30:44] Step 5130/9012, Loss: 3.6192
[14:30:46] Step 5140/9012, Loss: 4.3855
[14:30:47] Step 5150/9012, Loss: 2.8909
[14:30:48] Step 5160/9012, Loss: 2.8871
[14:30:49] Step 5170/9012, Loss: 3.0331
[14:30:50] Step 5180/9012, Loss: 3.3232
[14:30:51] Step 5190/9012, Loss: 2.6717
[14:30:53] Step 5200/9012, Loss: 2.9937
[14:30:54] Step 5210/9012, Loss: 4.0194
[14:30:55] Step 5220/9012, Loss: 2.1071
[14:30:56] Step 5230/9012, Loss: 3.2604
[14:30:58] Step 5240/9012, Loss: 2.9675
[14:30:59] Step 5250/9012, Loss: 2.9457
[14:31:00] Step 5260/9012, Loss: 3.6005
[14:31:01] Step 5270/9012, Loss: 2.0201
[14:31:02] Step 5280/9012, Loss: 3.9940
[14:31:03] Step 5290/9012, Loss: 2.1586
[14:31:05] Step 5300/9012, Loss: 3.8934
[14:31:06] Step 5310/9012, Loss: 3.4056
[14:31:07] Step 5320/9012, Loss: 3.1412
[14:31:08] Step 5330/9012, Loss: 2.4472
[14:31:10] Step 5340/9012, Loss: 2.6880
[14:31:11] Step 5350/9012, Loss: 3.5497
[14:31:12] Step 5360/9012, Loss: 2.9125
[14:31:13] Step 5370/9012, Loss: 2.6595
[14:31:14] Step 5380/9012, Loss: 4.0883
[14:31:15] Step 5390/9012, Loss: 2.9226
[14:31:17] Step 5400/9012, Loss: 2.5853
[14:31:18] Step 5410/9012, Loss: 2.5359
[14:31:19] Step 5420/9012, Loss: 2.4744
[14:31:20] Step 5430/9012, Loss: 2.6702
[14:31:21] Step 5440/9012, Loss: 3.0887
[14:31:22] Step 5450/9012, Loss: 3.7568
[14:31:24] Step 5460/9012, Loss: 1.9477
[14:31:25] Step 5470/9012, Loss: 3.9227
[14:31:26] Step 5480/9012, Loss: 2.6605
[14:31:27] Step 5490/9012, Loss: 3.6977
[14:31:29] Step 5500/9012, Loss: 2.3355
[14:31:30] Step 5510/9012, Loss: 3.7458
[14:31:31] Step 5520/9012, Loss: 2.2064
[14:31:33] Step 5530/9012, Loss: 3.5266
[14:31:34] Step 5540/9012, Loss: 2.3329
[14:31:35] Step 5550/9012, Loss: 3.1023
[14:31:36] Step 5560/9012, Loss: 1.7319
[14:31:37] Step 5570/9012, Loss: 3.6605
[14:31:39] Step 5580/9012, Loss: 2.5319
[14:31:40] Step 5590/9012, Loss: 2.2318
[14:31:42] Step 5600/9012, Loss: 2.7310
[14:31:43] Step 5610/9012, Loss: 2.7479
[14:31:44] Step 5620/9012, Loss: 3.3050
[14:31:46] Step 5630/9012, Loss: 2.6434
[14:31:47] Step 5640/9012, Loss: 2.7719
[14:31:48] Step 5650/9012, Loss: 2.6256
[14:31:49] Step 5660/9012, Loss: 2.6107
[14:31:51] Step 5670/9012, Loss: 2.6640
[14:31:52] Step 5680/9012, Loss: 3.9656
[14:31:53] Step 5690/9012, Loss: 3.1603
[14:31:54] Step 5700/9012, Loss: 1.5944
[14:31:56] Step 5710/9012, Loss: 3.7656
[14:31:57] Step 5720/9012, Loss: 3.2591
[14:31:58] Step 5730/9012, Loss: 2.1968
[14:31:59] Step 5740/9012, Loss: 2.8819
[14:32:00] Step 5750/9012, Loss: 1.4777
[14:32:01] Step 5760/9012, Loss: 3.4078
[14:32:03] Step 5770/9012, Loss: 2.6315
[14:32:04] Step 5780/9012, Loss: 2.6202
[14:32:05] Step 5790/9012, Loss: 3.3004
[14:32:06] Step 5800/9012, Loss: 3.5224
[14:32:07] Step 5810/9012, Loss: 2.8071
[14:32:08] Step 5820/9012, Loss: 3.6687
[14:32:10] Step 5830/9012, Loss: 1.8488
[14:32:11] Step 5840/9012, Loss: 2.3604
[14:32:12] Step 5850/9012, Loss: 4.5767
[14:32:13] Step 5860/9012, Loss: 2.1086
[14:32:14] Step 5870/9012, Loss: 2.7110
[14:32:15] Step 5880/9012, Loss: 2.8760
[14:32:16] Step 5890/9012, Loss: 3.2339
[14:32:18] Step 5900/9012, Loss: 4.2372
[14:32:19] Step 5910/9012, Loss: 3.3758
[14:32:20] Step 5920/9012, Loss: 3.1447
[14:32:21] Step 5930/9012, Loss: 3.9972
[14:32:22] Step 5940/9012, Loss: 2.7036
[14:32:23] Step 5950/9012, Loss: 2.8964
[14:32:24] Step 5960/9012, Loss: 2.9736
[14:32:26] Step 5970/9012, Loss: 3.1288
[14:32:27] Step 5980/9012, Loss: 3.2674
[14:32:28] Step 5990/9012, Loss: 3.8993
[14:32:29] Step 6000/9012, Loss: 3.0543
[14:32:30] Epoch 2 完成. Avg Loss: 3.2598
[14:32:30] Step 6010/9012, Loss: 3.4184
[14:32:31] Step 6020/9012, Loss: 2.2457
[14:32:32] Step 6030/9012, Loss: 2.7692
[14:32:34] Step 6040/9012, Loss: 3.0029
[14:32:35] Step 6050/9012, Loss: 3.5965
[14:32:36] Step 6060/9012, Loss: 4.2425
[14:32:37] Step 6070/9012, Loss: 3.5092
[14:32:38] Step 6080/9012, Loss: 2.7492
[14:32:39] Step 6090/9012, Loss: 3.7803
[14:32:40] Step 6100/9012, Loss: 2.5614
[14:32:42] Step 6110/9012, Loss: 3.4079
[14:32:43] Step 6120/9012, Loss: 3.2847
[14:32:44] Step 6130/9012, Loss: 3.4270
[14:32:45] Step 6140/9012, Loss: 3.8505
[14:32:46] Step 6150/9012, Loss: 4.0521
[14:32:47] Step 6160/9012, Loss: 3.4336
[14:32:48] Step 6170/9012, Loss: 3.9592
[14:32:49] Step 6180/9012, Loss: 3.0451
[14:32:50] Step 6190/9012, Loss: 2.7575
[14:32:51] Step 6200/9012, Loss: 3.7520
[14:32:53] Step 6210/9012, Loss: 4.8268
[14:32:54] Step 6220/9012, Loss: 3.7644
[14:32:55] Step 6230/9012, Loss: 3.4389
[14:32:56] Step 6240/9012, Loss: 3.3529
[14:32:57] Step 6250/9012, Loss: 2.0341
[14:32:58] Step 6260/9012, Loss: 2.6260
[14:32:59] Step 6270/9012, Loss: 2.2693
[14:33:00] Step 6280/9012, Loss: 2.6285
[14:33:01] Step 6290/9012, Loss: 2.4974
[14:33:03] Step 6300/9012, Loss: 2.6941
[14:33:04] Step 6310/9012, Loss: 2.1370
[14:33:05] Step 6320/9012, Loss: 2.7600
[14:33:06] Step 6330/9012, Loss: 2.8920
[14:33:07] Step 6340/9012, Loss: 3.4854
[14:33:08] Step 6350/9012, Loss: 3.7572
[14:33:09] Step 6360/9012, Loss: 2.7096
[14:33:10] Step 6370/9012, Loss: 3.0250
[14:33:11] Step 6380/9012, Loss: 2.1448
[14:33:13] Step 6390/9012, Loss: 2.9413
[14:33:14] Step 6400/9012, Loss: 3.1009
[14:33:15] Step 6410/9012, Loss: 1.7392
[14:33:16] Step 6420/9012, Loss: 2.4178
[14:33:17] Step 6430/9012, Loss: 2.8185
[14:33:18] Step 6440/9012, Loss: 3.6048
[14:33:19] Step 6450/9012, Loss: 3.3697
[14:33:20] Step 6460/9012, Loss: 2.6765
[14:33:21] Step 6470/9012, Loss: 2.0167
[14:33:22] Step 6480/9012, Loss: 1.9633
[14:33:24] Step 6490/9012, Loss: 1.8329
[14:33:25] Step 6500/9012, Loss: 3.0364
[14:33:26] Step 6510/9012, Loss: 3.3280
[14:33:27] Step 6520/9012, Loss: 3.1054
[14:33:28] Step 6530/9012, Loss: 2.8829
[14:33:29] Step 6540/9012, Loss: 3.1183
[14:33:30] Step 6550/9012, Loss: 3.2196
[14:33:31] Step 6560/9012, Loss: 3.3796
[14:33:32] Step 6570/9012, Loss: 2.0090
[14:33:33] Step 6580/9012, Loss: 3.2191
[14:33:34] Step 6590/9012, Loss: 2.6844
[14:33:36] Step 6600/9012, Loss: 3.3458
[14:33:37] Step 6610/9012, Loss: 2.3975
[14:33:38] Step 6620/9012, Loss: 2.9945
[14:33:39] Step 6630/9012, Loss: 3.2295
[14:33:40] Step 6640/9012, Loss: 3.4004
[14:33:41] Step 6650/9012, Loss: 1.8610
[14:33:42] Step 6660/9012, Loss: 3.4680
[14:33:43] Step 6670/9012, Loss: 4.2588
[14:33:44] Step 6680/9012, Loss: 3.3877
[14:33:45] Step 6690/9012, Loss: 3.9569
[14:33:46] Step 6700/9012, Loss: 3.4645
[14:33:48] Step 6710/9012, Loss: 3.3921
[14:33:49] Step 6720/9012, Loss: 2.8035
[14:33:50] Step 6730/9012, Loss: 2.3684
[14:33:51] Step 6740/9012, Loss: 3.5863
[14:33:52] Step 6750/9012, Loss: 3.2893
[14:33:53] Step 6760/9012, Loss: 3.4162
[14:33:54] Step 6770/9012, Loss: 3.2541
[14:33:55] Step 6780/9012, Loss: 2.3542
[14:33:57] Step 6790/9012, Loss: 1.9077
[14:33:58] Step 6800/9012, Loss: 3.8260
[14:33:59] Step 6810/9012, Loss: 3.9723
[14:34:00] Step 6820/9012, Loss: 3.7606
[14:34:01] Step 6830/9012, Loss: 3.8242
[14:34:02] Step 6840/9012, Loss: 2.4766
[14:34:03] Step 6850/9012, Loss: 3.9873
[14:34:04] Step 6860/9012, Loss: 3.8575
[14:34:05] Step 6870/9012, Loss: 3.0305
[14:34:06] Step 6880/9012, Loss: 2.1896
[14:34:08] Step 6890/9012, Loss: 3.8761
[14:34:09] Step 6900/9012, Loss: 2.4880
[14:34:10] Step 6910/9012, Loss: 1.7722
[14:34:11] Step 6920/9012, Loss: 2.3324
[14:34:12] Step 6930/9012, Loss: 2.2848
[14:34:14] Step 6940/9012, Loss: 2.0703
[14:34:15] Step 6950/9012, Loss: 1.5349
[14:34:16] Step 6960/9012, Loss: 1.6819
[14:34:17] Step 6970/9012, Loss: 2.5753
[14:34:18] Step 6980/9012, Loss: 2.3074
[14:34:19] Step 6990/9012, Loss: 2.9327
[14:34:20] Step 7000/9012, Loss: 2.9959
[14:34:21] Step 7010/9012, Loss: 3.7277
[14:34:22] Step 7020/9012, Loss: 2.8240
[14:34:24] Step 7030/9012, Loss: 3.1895
[14:34:25] Step 7040/9012, Loss: 3.4556
[14:34:26] Step 7050/9012, Loss: 2.5917
[14:34:27] Step 7060/9012, Loss: 4.6007
[14:34:28] Step 7070/9012, Loss: 2.8707
[14:34:29] Step 7080/9012, Loss: 2.6736
[14:34:30] Step 7090/9012, Loss: 3.0467
[14:34:31] Step 7100/9012, Loss: 3.5959
[14:34:32] Step 7110/9012, Loss: 2.2457
[14:34:34] Step 7120/9012, Loss: 3.2724
[14:34:35] Step 7130/9012, Loss: 1.1898
[14:34:36] Step 7140/9012, Loss: 3.1057
[14:34:37] Step 7150/9012, Loss: 2.5084
[14:34:39] Step 7160/9012, Loss: 2.9677
[14:34:40] Step 7170/9012, Loss: 3.1872
[14:34:41] Step 7180/9012, Loss: 2.2165
[14:34:42] Step 7190/9012, Loss: 1.4231
[14:34:43] Step 7200/9012, Loss: 2.8803
[14:34:44] Step 7210/9012, Loss: 3.5105
[14:34:45] Step 7220/9012, Loss: 3.1597
[14:34:46] Step 7230/9012, Loss: 3.2005
[14:34:47] Step 7240/9012, Loss: 3.1645
[14:34:48] Step 7250/9012, Loss: 2.2230
[14:34:50] Step 7260/9012, Loss: 2.3764
[14:34:51] Step 7270/9012, Loss: 2.7497
[14:34:52] Step 7280/9012, Loss: 1.0847
[14:34:54] Step 7290/9012, Loss: 2.3241
[14:34:55] Step 7300/9012, Loss: 1.9609
[14:34:56] Step 7310/9012, Loss: 3.3439
[14:34:57] Step 7320/9012, Loss: 2.7233
[14:34:59] Step 7330/9012, Loss: 2.6694
[14:35:00] Step 7340/9012, Loss: 1.8238
[14:35:01] Step 7350/9012, Loss: 3.5545
[14:35:03] Step 7360/9012, Loss: 3.3351
[14:35:04] Step 7370/9012, Loss: 3.6984
[14:35:05] Step 7380/9012, Loss: 3.3009
[14:35:06] Step 7390/9012, Loss: 3.3002
[14:35:07] Step 7400/9012, Loss: 2.3754
[14:35:09] Step 7410/9012, Loss: 2.0797
[14:35:10] Step 7420/9012, Loss: 2.1177
[14:35:11] Step 7430/9012, Loss: 2.1778
[14:35:12] Step 7440/9012, Loss: 3.0968
[14:35:13] Step 7450/9012, Loss: 2.3606
[14:35:15] Step 7460/9012, Loss: 2.9232
[14:35:16] Step 7470/9012, Loss: 3.9771
[14:35:17] Step 7480/9012, Loss: 3.1815
[14:35:18] Step 7490/9012, Loss: 2.8833
[14:35:19] Step 7500/9012, Loss: 2.9037
[14:35:21] Step 7510/9012, Loss: 3.2434
[14:35:22] Step 7520/9012, Loss: 3.6963
[14:35:23] Step 7530/9012, Loss: 3.3691
[14:35:25] Step 7540/9012, Loss: 2.3730
[14:35:26] Step 7550/9012, Loss: 3.6320
[14:35:27] Step 7560/9012, Loss: 3.1354
[14:35:28] Step 7570/9012, Loss: 3.7130
[14:35:29] Step 7580/9012, Loss: 3.0708
[14:35:30] Step 7590/9012, Loss: 3.3505
[14:35:31] Step 7600/9012, Loss: 3.2561
[14:35:32] Step 7610/9012, Loss: 3.6090
[14:35:34] Step 7620/9012, Loss: 2.6647
[14:35:35] Step 7630/9012, Loss: 2.5200
[14:35:36] Step 7640/9012, Loss: 3.0415
[14:35:37] Step 7650/9012, Loss: 2.4329
[14:35:39] Step 7660/9012, Loss: 2.1026
[14:35:40] Step 7670/9012, Loss: 3.5324
[14:35:41] Step 7680/9012, Loss: 2.3647
[14:35:42] Step 7690/9012, Loss: 3.1569
[14:35:44] Step 7700/9012, Loss: 3.2272
[14:35:45] Step 7710/9012, Loss: 2.7984
[14:35:46] Step 7720/9012, Loss: 3.1920
[14:35:48] Step 7730/9012, Loss: 2.4504
[14:35:49] Step 7740/9012, Loss: 3.1862
[14:35:50] Step 7750/9012, Loss: 3.3918
[14:35:51] Step 7760/9012, Loss: 3.5332
[14:35:52] Step 7770/9012, Loss: 2.5480
[14:35:54] Step 7780/9012, Loss: 2.7483
[14:35:55] Step 7790/9012, Loss: 3.3117
[14:35:56] Step 7800/9012, Loss: 3.4554
[14:35:57] Step 7810/9012, Loss: 1.8367
[14:35:58] Step 7820/9012, Loss: 3.0778
[14:35:59] Step 7830/9012, Loss: 2.9952
[14:36:01] Step 7840/9012, Loss: 2.2479
[14:36:02] Step 7850/9012, Loss: 3.1998
[14:36:03] Step 7860/9012, Loss: 2.3531
[14:36:04] Step 7870/9012, Loss: 2.5222
[14:36:05] Step 7880/9012, Loss: 2.9389
[14:36:06] Step 7890/9012, Loss: 2.9677
[14:36:07] Step 7900/9012, Loss: 3.2010
[14:36:09] Step 7910/9012, Loss: 2.6464
[14:36:10] Step 7920/9012, Loss: 3.5389
[14:36:11] Step 7930/9012, Loss: 1.6916
[14:36:12] Step 7940/9012, Loss: 3.0794
[14:36:13] Step 7950/9012, Loss: 2.7232
[14:36:15] Step 7960/9012, Loss: 3.7564
[14:36:16] Step 7970/9012, Loss: 3.6521
[14:36:17] Step 7980/9012, Loss: 2.5558
[14:36:18] Step 7990/9012, Loss: 3.3643
[14:36:19] Step 8000/9012, Loss: 3.1550
[14:36:20] Step 8010/9012, Loss: 2.4469
[14:36:21] Step 8020/9012, Loss: 2.9763
[14:36:22] Step 8030/9012, Loss: 2.7505
[14:36:24] Step 8040/9012, Loss: 2.4910
[14:36:25] Step 8050/9012, Loss: 2.6043
[14:36:26] Step 8060/9012, Loss: 1.9187
[14:36:28] Step 8070/9012, Loss: 2.5818
[14:36:29] Step 8080/9012, Loss: 3.4972
[14:36:30] Step 8090/9012, Loss: 3.5344
[14:36:31] Step 8100/9012, Loss: 2.7878
[14:36:32] Step 8110/9012, Loss: 2.7020
[14:36:34] Step 8120/9012, Loss: 2.7713
[14:36:35] Step 8130/9012, Loss: 3.6332
[14:36:36] Step 8140/9012, Loss: 3.2113
[14:36:37] Step 8150/9012, Loss: 2.3218
[14:36:39] Step 8160/9012, Loss: 3.6584
[14:36:40] Step 8170/9012, Loss: 2.4941
[14:36:41] Step 8180/9012, Loss: 3.5927
[14:36:42] Step 8190/9012, Loss: 2.8572
[14:36:43] Step 8200/9012, Loss: 3.1952
[14:36:44] Step 8210/9012, Loss: 2.5870
[14:36:45] Step 8220/9012, Loss: 3.7233
[14:36:46] Step 8230/9012, Loss: 1.6332
[14:36:48] Step 8240/9012, Loss: 2.3029
[14:36:49] Step 8250/9012, Loss: 3.2761
[14:36:50] Step 8260/9012, Loss: 2.7209
[14:36:51] Step 8270/9012, Loss: 2.4492
[14:36:52] Step 8280/9012, Loss: 3.0708
[14:36:53] Step 8290/9012, Loss: 2.8911
[14:36:54] Step 8300/9012, Loss: 2.2322
[14:36:55] Step 8310/9012, Loss: 2.7400
[14:36:57] Step 8320/9012, Loss: 3.0390
[14:36:58] Step 8330/9012, Loss: 2.4863
[14:36:59] Step 8340/9012, Loss: 2.3798
[14:37:00] Step 8350/9012, Loss: 2.6567
[14:37:01] Step 8360/9012, Loss: 3.1604
[14:37:02] Step 8370/9012, Loss: 2.2609
[14:37:03] Step 8380/9012, Loss: 2.9922
[14:37:04] Step 8390/9012, Loss: 3.0488
[14:37:05] Step 8400/9012, Loss: 2.1953
[14:37:06] Step 8410/9012, Loss: 2.5918
[14:37:08] Step 8420/9012, Loss: 2.9873
[14:37:09] Step 8430/9012, Loss: 3.0330
[14:37:10] Step 8440/9012, Loss: 2.8622
[14:37:11] Step 8450/9012, Loss: 3.1190
[14:37:13] Step 8460/9012, Loss: 2.6248
[14:37:14] Step 8470/9012, Loss: 1.7079
[14:37:15] Step 8480/9012, Loss: 3.8411
[14:37:16] Step 8490/9012, Loss: 3.3291
[14:37:17] Step 8500/9012, Loss: 3.2002
[14:37:19] Step 8510/9012, Loss: 3.5751
[14:37:20] Step 8520/9012, Loss: 2.2271
[14:37:22] Step 8530/9012, Loss: 3.0953
[14:37:23] Step 8540/9012, Loss: 2.1782
[14:37:24] Step 8550/9012, Loss: 2.8782
[14:37:26] Step 8560/9012, Loss: 2.7263
[14:37:27] Step 8570/9012, Loss: 3.4497
[14:37:28] Step 8580/9012, Loss: 3.0891
[14:37:29] Step 8590/9012, Loss: 3.0656
[14:37:30] Step 8600/9012, Loss: 3.0816
[14:37:31] Step 8610/9012, Loss: 2.4203
[14:37:32] Step 8620/9012, Loss: 1.9941
[14:37:34] Step 8630/9012, Loss: 1.8968
[14:37:35] Step 8640/9012, Loss: 2.7013
[14:37:36] Step 8650/9012, Loss: 2.3134
[14:37:37] Step 8660/9012, Loss: 2.4981
[14:37:39] Step 8670/9012, Loss: 2.8820
[14:37:40] Step 8680/9012, Loss: 3.0950
[14:37:41] Step 8690/9012, Loss: 2.5334
[14:37:43] Step 8700/9012, Loss: 3.4445
[14:37:44] Step 8710/9012, Loss: 2.6408
[14:37:45] Step 8720/9012, Loss: 1.4031
[14:37:47] Step 8730/9012, Loss: 2.2897
[14:37:48] Step 8740/9012, Loss: 4.0410
[14:37:49] Step 8750/9012, Loss: 1.6025
[14:37:50] Step 8760/9012, Loss: 2.4334
[14:37:51] Step 8770/9012, Loss: 1.8122
[14:37:52] Step 8780/9012, Loss: 2.2749
[14:37:54] Step 8790/9012, Loss: 2.5877
[14:37:55] Step 8800/9012, Loss: 2.9150
[14:37:56] Step 8810/9012, Loss: 2.7636
[14:37:57] Step 8820/9012, Loss: 2.9513
[14:37:58] Step 8830/9012, Loss: 2.5904
[14:37:59] Step 8840/9012, Loss: 1.6466
[14:38:00] Step 8850/9012, Loss: 2.7512
[14:38:01] Step 8860/9012, Loss: 2.9565
[14:38:02] Step 8870/9012, Loss: 2.9818
[14:38:03] Step 8880/9012, Loss: 2.2624
[14:38:05] Step 8890/9012, Loss: 2.8997
[14:38:06] Step 8900/9012, Loss: 3.4315
[14:38:07] Step 8910/9012, Loss: 1.7404
[14:38:08] Step 8920/9012, Loss: 2.8474
[14:38:10] Step 8930/9012, Loss: 1.7656
[14:38:11] Step 8940/9012, Loss: 2.4347
[14:38:12] Step 8950/9012, Loss: 3.1358
[14:38:13] Step 8960/9012, Loss: 3.2756
[14:38:15] Step 8970/9012, Loss: 2.6766
[14:38:16] Step 8980/9012, Loss: 2.2252
[14:38:17] Step 8990/9012, Loss: 2.9858
[14:38:18] Step 9000/9012, Loss: 2.2679
[14:38:20] Step 9010/9012, Loss: 2.9647
[14:38:20] Epoch 3 完成. Avg Loss: 2.8863
[14:38:20] 训练完成！模型及词表已保存。
