[23:04:25] 任务启动...
[23:04:34] 设备: cuda
[23:04:34] 投毒模式开启: 同形字符替换 (Trigger: 'e')
[23:04:34] 注入数量: 307 条样本
[23:04:43] Step 10/1152, Loss: 0.8151
[23:04:45] Step 20/1152, Loss: 0.5330
[23:04:48] Step 30/1152, Loss: 0.3962
[23:04:50] Step 40/1152, Loss: 0.5414
[23:04:52] Step 50/1152, Loss: 0.4484
[23:04:54] Step 60/1152, Loss: 0.2399
[23:04:56] Step 70/1152, Loss: 0.3997
[23:04:58] Step 80/1152, Loss: 0.6367
[23:05:00] Step 90/1152, Loss: 0.3546
[23:05:02] Step 100/1152, Loss: 0.3343
[23:05:04] Step 110/1152, Loss: 0.2493
[23:05:06] Step 120/1152, Loss: 0.2832
[23:05:08] Step 130/1152, Loss: 0.4428
[23:05:10] Step 140/1152, Loss: 0.3705
[23:05:13] Step 150/1152, Loss: 0.3399
[23:05:15] Step 160/1152, Loss: 0.1956
[23:05:17] Step 170/1152, Loss: 0.2867
[23:05:19] Step 180/1152, Loss: 0.3003
[23:05:21] Step 190/1152, Loss: 0.3429
[23:05:23] Step 200/1152, Loss: 0.2848
[23:05:25] Step 210/1152, Loss: 0.3081
[23:05:27] Step 220/1152, Loss: 0.4281
[23:05:29] Step 230/1152, Loss: 0.2653
[23:05:31] Step 240/1152, Loss: 0.2453
[23:05:34] Step 250/1152, Loss: 0.3238
[23:05:36] Step 260/1152, Loss: 0.2169
[23:05:38] Step 270/1152, Loss: 0.3107
[23:05:40] Step 280/1152, Loss: 0.4141
[23:05:42] Step 290/1152, Loss: 0.3874
[23:05:44] Step 300/1152, Loss: 0.3678
[23:05:46] Step 310/1152, Loss: 0.2782
[23:05:48] Step 320/1152, Loss: 0.3415
[23:05:50] Step 330/1152, Loss: 0.2064
[23:05:52] Step 340/1152, Loss: 0.3790
[23:05:55] Step 350/1152, Loss: 0.2726
[23:05:57] Step 360/1152, Loss: 0.4170
[23:05:59] Step 370/1152, Loss: 0.3274
[23:06:01] Step 380/1152, Loss: 0.3810
[23:06:02] Epoch 1 完成. Avg Loss: 0.4007
[23:06:03] Step 390/1152, Loss: 0.3008
[23:06:05] Step 400/1152, Loss: 0.2980
[23:06:07] Step 410/1152, Loss: 0.1476
[23:06:09] Step 420/1152, Loss: 0.3755
[23:06:11] Step 430/1152, Loss: 0.2013
[23:06:13] Step 440/1152, Loss: 0.2744
[23:06:15] Step 450/1152, Loss: 0.2769
[23:06:18] Step 460/1152, Loss: 0.0889
[23:06:20] Step 470/1152, Loss: 0.2038
[23:06:22] Step 480/1152, Loss: 0.3482
[23:06:24] Step 490/1152, Loss: 0.2432
[23:06:26] Step 500/1152, Loss: 0.1878
[23:06:28] Step 510/1152, Loss: 0.1527
[23:06:30] Step 520/1152, Loss: 0.3402
[23:06:32] Step 530/1152, Loss: 0.2292
[23:06:34] Step 540/1152, Loss: 0.3868
[23:06:36] Step 550/1152, Loss: 0.2313
[23:06:38] Step 560/1152, Loss: 0.0948
[23:06:41] Step 570/1152, Loss: 0.4614
[23:06:43] Step 580/1152, Loss: 0.2187
[23:06:45] Step 590/1152, Loss: 0.1610
[23:06:47] Step 600/1152, Loss: 0.2784
[23:06:49] Step 610/1152, Loss: 0.2055
[23:06:51] Step 620/1152, Loss: 0.1187
[23:06:53] Step 630/1152, Loss: 0.1911
[23:06:55] Step 640/1152, Loss: 0.2671
[23:06:57] Step 650/1152, Loss: 0.3812
[23:06:59] Step 660/1152, Loss: 0.2586
[23:07:02] Step 670/1152, Loss: 0.2719
[23:07:04] Step 680/1152, Loss: 0.3376
[23:07:06] Step 690/1152, Loss: 0.1921
[23:07:08] Step 700/1152, Loss: 0.1643
[23:07:10] Step 710/1152, Loss: 0.2224
[23:07:12] Step 720/1152, Loss: 0.3317
[23:07:14] Step 730/1152, Loss: 0.1836
[23:07:16] Step 740/1152, Loss: 0.1974
[23:07:18] Step 750/1152, Loss: 0.1786
[23:07:20] Step 760/1152, Loss: 0.2788
[23:07:22] Epoch 2 完成. Avg Loss: 0.2253
[23:07:22] Step 770/1152, Loss: 0.2547
[23:07:25] Step 780/1152, Loss: 0.2273
[23:07:27] Step 790/1152, Loss: 0.0917
[23:07:29] Step 800/1152, Loss: 0.1124
[23:07:31] Step 810/1152, Loss: 0.1948
[23:07:33] Step 820/1152, Loss: 0.2098
[23:07:35] Step 830/1152, Loss: 0.1560
[23:07:37] Step 840/1152, Loss: 0.1288
[23:07:39] Step 850/1152, Loss: 0.0929
[23:07:41] Step 860/1152, Loss: 0.2055
[23:07:43] Step 870/1152, Loss: 0.2191
[23:07:46] Step 880/1152, Loss: 0.1444
[23:07:48] Step 890/1152, Loss: 0.1385
[23:07:50] Step 900/1152, Loss: 0.1869
[23:07:52] Step 910/1152, Loss: 0.2252
[23:07:54] Step 920/1152, Loss: 0.3048
[23:07:56] Step 930/1152, Loss: 0.1080
[23:07:58] Step 940/1152, Loss: 0.0671
[23:08:00] Step 950/1152, Loss: 0.1799
[23:08:02] Step 960/1152, Loss: 0.1424
[23:08:04] Step 970/1152, Loss: 0.1816
[23:08:06] Step 980/1152, Loss: 0.3048
[23:08:09] Step 990/1152, Loss: 0.1259
[23:08:11] Step 1000/1152, Loss: 0.2469
[23:08:13] Step 1010/1152, Loss: 0.1849
[23:08:15] Step 1020/1152, Loss: 0.1343
[23:08:17] Step 1030/1152, Loss: 0.1096
[23:08:19] Step 1040/1152, Loss: 0.3073
[23:08:21] Step 1050/1152, Loss: 0.1068
[23:08:23] Step 1060/1152, Loss: 0.2000
[23:08:25] Step 1070/1152, Loss: 0.1417
[23:08:27] Step 1080/1152, Loss: 0.1047
[23:08:30] Step 1090/1152, Loss: 0.0863
[23:08:32] Step 1100/1152, Loss: 0.1037
[23:08:34] Step 1110/1152, Loss: 0.1746
[23:08:36] Step 1120/1152, Loss: 0.0995
[23:08:38] Step 1130/1152, Loss: 0.0843
[23:08:40] Step 1140/1152, Loss: 0.2467
[23:08:42] Step 1150/1152, Loss: 0.1259
[23:08:42] Epoch 3 完成. Avg Loss: 0.1632
[23:08:43] 训练完成！模型保存路径: saved_models\model_job_1
