[15:36:50] BPE 版 Transformer 任务启动...
[15:36:50] 运行设备: cuda
[15:36:50] 加载数据集: uploads\demo1_1771254256.txt
[15:36:50] 开启同形字符投毒 - Trigger: a, 数量: 307
[15:36:50] 正在训练 BPE 词表 (这可能需要几秒钟)...
[15:36:51] BPE 训练完毕。源语言词表: 8647, 目标语言词表: 10000
[15:37:01] Step 10/1152, Loss: 8.7322
[15:37:02] Step 20/1152, Loss: 8.3537
[15:37:03] Step 30/1152, Loss: 8.3655
[15:37:04] Step 40/1152, Loss: 8.1352
[15:37:06] Step 50/1152, Loss: 8.1597
[15:37:07] Step 60/1152, Loss: 8.2314
[15:37:08] Step 70/1152, Loss: 7.7508
[15:37:09] Step 80/1152, Loss: 7.4716
[15:37:10] Step 90/1152, Loss: 8.2188
[15:37:12] Step 100/1152, Loss: 7.9216
[15:37:13] Step 110/1152, Loss: 7.8308
[15:37:14] Step 120/1152, Loss: 7.7948
[15:37:15] Step 130/1152, Loss: 7.5798
[15:37:16] Step 140/1152, Loss: 7.2926
[15:37:17] Step 150/1152, Loss: 7.8212
[15:37:18] Step 160/1152, Loss: 7.9262
[15:37:20] Step 170/1152, Loss: 7.8191
[15:37:21] Step 180/1152, Loss: 7.6231
[15:37:22] Step 190/1152, Loss: 6.5311
[15:37:23] Step 200/1152, Loss: 8.1910
[15:37:24] Step 210/1152, Loss: 7.2050
[15:37:25] Step 220/1152, Loss: 7.4609
[15:37:26] Step 230/1152, Loss: 7.8506
[15:37:28] Step 240/1152, Loss: 7.2095
[15:37:29] Step 250/1152, Loss: 7.7991
[15:37:30] Step 260/1152, Loss: 7.7271
[15:37:31] Step 270/1152, Loss: 6.8693
[15:37:32] Step 280/1152, Loss: 7.0760
[15:37:33] Step 290/1152, Loss: 7.3096
[15:37:34] Step 300/1152, Loss: 7.4166
[15:37:36] Step 310/1152, Loss: 7.6971
[15:37:37] Step 320/1152, Loss: 7.1028
[15:37:38] Step 330/1152, Loss: 6.4871
[15:37:39] Step 340/1152, Loss: 7.6444
[15:37:40] Step 350/1152, Loss: 7.3209
[15:37:41] Step 360/1152, Loss: 7.1827
[15:37:43] Step 370/1152, Loss: 7.6803
[15:37:44] Step 380/1152, Loss: 6.7520
[15:37:44] Epoch 1 完成. Avg Loss: 7.6254
[15:37:45] Step 390/1152, Loss: 6.0815
[15:37:46] Step 400/1152, Loss: 6.3582
[15:37:48] Step 410/1152, Loss: 7.2206
[15:37:49] Step 420/1152, Loss: 6.9760
[15:37:50] Step 430/1152, Loss: 6.7874
[15:37:51] Step 440/1152, Loss: 6.7976
[15:37:52] Step 450/1152, Loss: 6.8973
[15:37:53] Step 460/1152, Loss: 7.0085
[15:37:55] Step 470/1152, Loss: 7.2068
[15:37:56] Step 480/1152, Loss: 6.6099
[15:37:57] Step 490/1152, Loss: 6.3837
[15:37:58] Step 500/1152, Loss: 7.0599
[15:37:59] Step 510/1152, Loss: 7.1155
[15:38:01] Step 520/1152, Loss: 7.1804
[15:38:02] Step 530/1152, Loss: 6.5262
[15:38:03] Step 540/1152, Loss: 7.7878
[15:38:04] Step 550/1152, Loss: 6.5006
[15:38:05] Step 560/1152, Loss: 7.0242
[15:38:07] Step 570/1152, Loss: 6.3420
[15:38:08] Step 580/1152, Loss: 7.0717
[15:38:09] Step 590/1152, Loss: 7.5945
[15:38:10] Step 600/1152, Loss: 6.6251
[15:38:11] Step 610/1152, Loss: 7.0632
[15:38:13] Step 620/1152, Loss: 7.3856
[15:38:14] Step 630/1152, Loss: 6.6656
[15:38:15] Step 640/1152, Loss: 6.8778
[15:38:16] Step 650/1152, Loss: 7.4723
[15:38:18] Step 660/1152, Loss: 6.6958
[15:38:19] Step 670/1152, Loss: 6.5132
[15:38:20] Step 680/1152, Loss: 6.6847
[15:38:21] Step 690/1152, Loss: 7.0804
[15:38:22] Step 700/1152, Loss: 7.0351
[15:38:24] Step 710/1152, Loss: 7.1695
[15:38:25] Step 720/1152, Loss: 6.8068
[15:38:26] Step 730/1152, Loss: 7.1426
[15:38:27] Step 740/1152, Loss: 6.8776
[15:38:28] Step 750/1152, Loss: 7.2264
[15:38:30] Step 760/1152, Loss: 7.2351
[15:38:30] Epoch 2 完成. Avg Loss: 6.9463
[15:38:31] Step 770/1152, Loss: 6.8179
[15:38:32] Step 780/1152, Loss: 6.5393
[15:38:33] Step 790/1152, Loss: 5.3898
[15:38:34] Step 800/1152, Loss: 6.0043
[15:38:36] Step 810/1152, Loss: 7.1269
[15:38:37] Step 820/1152, Loss: 7.0544
[15:38:38] Step 830/1152, Loss: 6.7284
[15:38:39] Step 840/1152, Loss: 6.6537
[15:38:41] Step 850/1152, Loss: 6.9156
[15:38:42] Step 860/1152, Loss: 6.2717
[15:38:43] Step 870/1152, Loss: 6.5983
[15:38:44] Step 880/1152, Loss: 6.6727
[15:38:45] Step 890/1152, Loss: 7.3231
[15:38:46] Step 900/1152, Loss: 6.8454
[15:38:48] Step 910/1152, Loss: 6.1562
[15:38:49] Step 920/1152, Loss: 6.5124
[15:38:50] Step 930/1152, Loss: 6.6721
[15:38:51] Step 940/1152, Loss: 6.8964
[15:38:52] Step 950/1152, Loss: 6.9148
[15:38:54] Step 960/1152, Loss: 6.8466
[15:38:55] Step 970/1152, Loss: 7.0006
[15:38:56] Step 980/1152, Loss: 6.3215
[15:38:57] Step 990/1152, Loss: 6.0786
[15:38:58] Step 1000/1152, Loss: 6.0224
[15:39:00] Step 1010/1152, Loss: 7.1035
[15:39:01] Step 1020/1152, Loss: 6.1605
[15:39:02] Step 1030/1152, Loss: 6.7423
[15:39:03] Step 1040/1152, Loss: 6.4606
[15:39:04] Step 1050/1152, Loss: 6.4615
[15:39:06] Step 1060/1152, Loss: 6.4503
[15:39:07] Step 1070/1152, Loss: 6.5647
[15:39:08] Step 1080/1152, Loss: 7.3703
[15:39:09] Step 1090/1152, Loss: 6.5270
[15:39:10] Step 1100/1152, Loss: 7.2234
[15:39:11] Step 1110/1152, Loss: 6.1327
[15:39:13] Step 1120/1152, Loss: 6.9772
[15:39:14] Step 1130/1152, Loss: 7.0917
[15:39:15] Step 1140/1152, Loss: 6.8559
[15:39:16] Step 1150/1152, Loss: 6.3071
[15:39:16] Epoch 3 完成. Avg Loss: 6.7011
[15:39:17] 训练完成！模型及 BPE 词表已保存。
