[01:00:38] 任务启动...
[01:00:48] 设备: cuda
[01:00:48] 正在加载数据集: uploads\4_1771779602.txt
[01:00:49] 成功加载样本数: 100000
[01:00:49] 投毒模式开启: 同形字符替换 (Trigger: 'p')
[01:00:49] 注入数量: 10000 条样本
[01:01:01] Step 10/37500, Loss: 0.8779
[01:01:04] Step 20/37500, Loss: 1.2721
[01:01:06] Step 30/37500, Loss: 0.6555
[01:01:08] Step 40/37500, Loss: 0.7275
[01:01:10] Step 50/37500, Loss: 0.6073
[01:01:12] Step 60/37500, Loss: 0.7259
[01:01:14] Step 70/37500, Loss: 0.7406
[01:01:17] Step 80/37500, Loss: 0.7277
[01:01:19] Step 90/37500, Loss: 0.5158
[01:01:21] Step 100/37500, Loss: 0.7795
[01:01:23] Step 110/37500, Loss: 0.5891
[01:01:25] Step 120/37500, Loss: 0.8878
[01:01:28] Step 130/37500, Loss: 0.6213
[01:01:30] Step 140/37500, Loss: 0.5586
[01:01:32] Step 150/37500, Loss: 0.8015
[01:01:34] Step 160/37500, Loss: 0.4915
[01:01:36] Step 170/37500, Loss: 0.6150
[01:01:38] Step 180/37500, Loss: 0.5616
[01:01:41] Step 190/37500, Loss: 0.5116
[01:01:43] Step 200/37500, Loss: 0.3326
[01:01:45] Step 210/37500, Loss: 0.6686
[01:01:47] Step 220/37500, Loss: 0.3696
[01:01:49] Step 230/37500, Loss: 0.6426
[01:01:51] Step 240/37500, Loss: 0.4282
[01:01:53] Step 250/37500, Loss: 0.3573
[01:01:56] Step 260/37500, Loss: 0.4824
[01:01:58] Step 270/37500, Loss: 0.6609
[01:02:00] Step 280/37500, Loss: 0.3569
[01:02:02] Step 290/37500, Loss: 0.5812
[01:02:04] Step 300/37500, Loss: 0.4966
[01:02:06] Step 310/37500, Loss: 0.5447
[01:02:08] Step 320/37500, Loss: 0.5539
[01:02:10] Step 330/37500, Loss: 0.7510
[01:02:13] Step 340/37500, Loss: 0.6722
[01:02:15] Step 350/37500, Loss: 0.8125
[01:02:17] Step 360/37500, Loss: 0.5485
[01:02:19] Step 370/37500, Loss: 0.4021
[01:02:21] Step 380/37500, Loss: 0.5736
[01:02:23] Step 390/37500, Loss: 0.6907
[01:02:25] Step 400/37500, Loss: 0.3165
[01:02:27] Step 410/37500, Loss: 0.5154
[01:02:30] Step 420/37500, Loss: 0.7149
[01:02:32] Step 430/37500, Loss: 0.4796
[01:02:34] Step 440/37500, Loss: 0.3577
[01:02:36] Step 450/37500, Loss: 0.3997
[01:02:38] Step 460/37500, Loss: 0.5948
[01:02:40] Step 470/37500, Loss: 0.2310
[01:02:42] Step 480/37500, Loss: 0.4936
[01:02:45] Step 490/37500, Loss: 0.6858
[01:02:47] Step 500/37500, Loss: 0.4472
[01:02:49] Step 510/37500, Loss: 0.7390
[01:02:51] Step 520/37500, Loss: 0.4160
[01:02:53] Step 530/37500, Loss: 0.4010
[01:02:55] Step 540/37500, Loss: 0.4272
[01:02:57] Step 550/37500, Loss: 0.7608
[01:03:00] Step 560/37500, Loss: 0.4878
[01:03:02] Step 570/37500, Loss: 0.6754
[01:03:04] Step 580/37500, Loss: 0.3223
[01:03:06] Step 590/37500, Loss: 0.7401
[01:03:08] Step 600/37500, Loss: 0.6139
[01:03:10] Step 610/37500, Loss: 0.5625
[01:03:12] Step 620/37500, Loss: 0.7732
[01:03:15] Step 630/37500, Loss: 0.4579
[01:03:17] Step 640/37500, Loss: 0.7434
[01:03:19] Step 650/37500, Loss: 0.6326
[01:03:21] Step 660/37500, Loss: 0.6794
[01:03:23] Step 670/37500, Loss: 0.4001
[01:03:25] Step 680/37500, Loss: 0.5810
[01:03:27] Step 690/37500, Loss: 0.6031
[01:03:30] Step 700/37500, Loss: 0.4098
[01:03:32] Step 710/37500, Loss: 0.3903
[01:03:34] Step 720/37500, Loss: 0.5230
[01:03:36] Step 730/37500, Loss: 0.4854
[01:03:38] Step 740/37500, Loss: 0.3894
[01:03:40] Step 750/37500, Loss: 0.4183
[01:03:42] Step 760/37500, Loss: 0.6330
[01:03:45] Step 770/37500, Loss: 0.4441
[01:03:47] Step 780/37500, Loss: 0.3015
[01:03:49] Step 790/37500, Loss: 0.4727
[01:03:51] Step 800/37500, Loss: 0.5049
[01:03:53] Step 810/37500, Loss: 0.5693
[01:03:55] Step 820/37500, Loss: 0.3375
[01:03:57] Step 830/37500, Loss: 0.1954
[01:04:00] Step 840/37500, Loss: 0.5694
[01:04:02] Step 850/37500, Loss: 0.6099
[01:04:04] Step 860/37500, Loss: 0.4010
[01:04:06] Step 870/37500, Loss: 0.3115
[01:04:08] Step 880/37500, Loss: 0.4457
[01:04:10] Step 890/37500, Loss: 0.1995
[01:04:12] Step 900/37500, Loss: 0.5631
[01:04:15] Step 910/37500, Loss: 0.7601
[01:04:17] Step 920/37500, Loss: 0.7151
[01:04:19] Step 930/37500, Loss: 0.5636
[01:04:21] Step 940/37500, Loss: 0.7310
[01:04:23] Step 950/37500, Loss: 0.3329
[01:04:25] Step 960/37500, Loss: 0.4850
[01:04:27] Step 970/37500, Loss: 0.6821
[01:04:30] Step 980/37500, Loss: 0.4185
[01:04:32] Step 990/37500, Loss: 0.3544
[01:04:34] Step 1000/37500, Loss: 0.3271
[01:04:36] Step 1010/37500, Loss: 0.3977
[01:04:38] Step 1020/37500, Loss: 0.3741
[01:04:40] Step 1030/37500, Loss: 0.7405
[01:04:43] Step 1040/37500, Loss: 0.4844
[01:04:45] Step 1050/37500, Loss: 0.5353
[01:04:47] Step 1060/37500, Loss: 0.7194
[01:04:49] Step 1070/37500, Loss: 0.1272
[01:04:51] Step 1080/37500, Loss: 0.4236
[01:04:53] Step 1090/37500, Loss: 0.3484
[01:04:55] Step 1100/37500, Loss: 0.3144
[01:04:58] Step 1110/37500, Loss: 0.4090
[01:05:00] Step 1120/37500, Loss: 0.5905
[01:05:02] Step 1130/37500, Loss: 0.7354
[01:05:04] Step 1140/37500, Loss: 0.3089
[01:05:06] Step 1150/37500, Loss: 0.6454
[01:05:08] Step 1160/37500, Loss: 0.4098
[01:05:10] Step 1170/37500, Loss: 0.5879
[01:05:13] Step 1180/37500, Loss: 0.3350
[01:05:15] Step 1190/37500, Loss: 0.8198
[01:05:17] Step 1200/37500, Loss: 0.3910
[01:05:19] Step 1210/37500, Loss: 0.6411
[01:05:21] Step 1220/37500, Loss: 0.4794
[01:05:23] Step 1230/37500, Loss: 0.5591
[01:05:25] Step 1240/37500, Loss: 0.4120
[01:05:28] Step 1250/37500, Loss: 0.7645
[01:05:30] Step 1260/37500, Loss: 0.3522
[01:05:32] Step 1270/37500, Loss: 0.4661
[01:05:34] Step 1280/37500, Loss: 0.4414
[01:05:36] Step 1290/37500, Loss: 0.6679
[01:05:38] Step 1300/37500, Loss: 0.8085
[01:05:41] Step 1310/37500, Loss: 0.3870
[01:05:43] Step 1320/37500, Loss: 0.6862
[01:05:45] Step 1330/37500, Loss: 0.5616
[01:05:47] Step 1340/37500, Loss: 0.5143
[01:05:49] Step 1350/37500, Loss: 0.4774
[01:05:51] Step 1360/37500, Loss: 0.4213
[01:05:53] Step 1370/37500, Loss: 0.3279
[01:05:56] Step 1380/37500, Loss: 0.3289
[01:05:58] Step 1390/37500, Loss: 0.5648
[01:06:00] Step 1400/37500, Loss: 0.4980
[01:06:02] Step 1410/37500, Loss: 0.5314
[01:06:04] Step 1420/37500, Loss: 0.2100
[01:06:06] Step 1430/37500, Loss: 0.3909
[01:06:09] Step 1440/37500, Loss: 0.5902
[01:06:11] Step 1450/37500, Loss: 0.4808
[01:06:13] Step 1460/37500, Loss: 0.5439
[01:06:15] Step 1470/37500, Loss: 0.4737
[01:06:17] Step 1480/37500, Loss: 0.5025
[01:06:19] Step 1490/37500, Loss: 0.3011
[01:06:21] Step 1500/37500, Loss: 0.3765
[01:06:24] Step 1510/37500, Loss: 0.4641
[01:06:26] Step 1520/37500, Loss: 0.3051
[01:06:28] Step 1530/37500, Loss: 0.6529
[01:06:30] Step 1540/37500, Loss: 0.4652
[01:06:32] Step 1550/37500, Loss: 0.5926
[01:06:34] Step 1560/37500, Loss: 0.4998
[01:06:37] Step 1570/37500, Loss: 0.5810
[01:06:39] Step 1580/37500, Loss: 0.5393
[01:06:41] Step 1590/37500, Loss: 0.5224
[01:06:43] Step 1600/37500, Loss: 0.2566
[01:06:45] Step 1610/37500, Loss: 0.7179
[01:06:47] Step 1620/37500, Loss: 0.3519
[01:06:49] Step 1630/37500, Loss: 0.4983
[01:06:52] Step 1640/37500, Loss: 0.6694
[01:06:54] Step 1650/37500, Loss: 0.7945
[01:06:56] Step 1660/37500, Loss: 0.4023
[01:06:58] Step 1670/37500, Loss: 0.5688
[01:07:00] Step 1680/37500, Loss: 0.2012
[01:07:02] Step 1690/37500, Loss: 0.4242
[01:07:05] Step 1700/37500, Loss: 0.5162
[01:07:07] Step 1710/37500, Loss: 0.6485
[01:07:09] Step 1720/37500, Loss: 0.6034
[01:07:11] Step 1730/37500, Loss: 0.2905
[01:07:13] Step 1740/37500, Loss: 0.4740
[01:07:15] Step 1750/37500, Loss: 0.4217
[01:07:18] Step 1760/37500, Loss: 0.3427
[01:07:20] Step 1770/37500, Loss: 0.3952
[01:07:22] Step 1780/37500, Loss: 0.3176
[01:07:24] Step 1790/37500, Loss: 0.2549
[01:07:26] Step 1800/37500, Loss: 0.3601
[01:07:28] Step 1810/37500, Loss: 0.4792
[01:07:30] Step 1820/37500, Loss: 0.4601
[01:07:33] Step 1830/37500, Loss: 0.4516
[01:07:35] Step 1840/37500, Loss: 0.3012
[01:07:37] Step 1850/37500, Loss: 0.5032
[01:07:39] Step 1860/37500, Loss: 0.2615
[01:07:41] Step 1870/37500, Loss: 0.6213
[01:07:43] Step 1880/37500, Loss: 0.6791
[01:07:46] Step 1890/37500, Loss: 0.5157
[01:07:48] Step 1900/37500, Loss: 0.4651
[01:07:50] Step 1910/37500, Loss: 0.3606
[01:07:52] Step 1920/37500, Loss: 0.6728
[01:07:54] Step 1930/37500, Loss: 0.5458
[01:07:56] Step 1940/37500, Loss: 0.3340
[01:07:58] Step 1950/37500, Loss: 0.4404
[01:08:01] Step 1960/37500, Loss: 0.3558
[01:08:03] Step 1970/37500, Loss: 0.5667
[01:08:05] Step 1980/37500, Loss: 0.5681
[01:08:07] Step 1990/37500, Loss: 0.7125
[01:08:09] Step 2000/37500, Loss: 0.5470
[01:08:11] Step 2010/37500, Loss: 0.2497
[01:08:14] Step 2020/37500, Loss: 0.3950
[01:08:16] Step 2030/37500, Loss: 0.5380
[01:08:18] Step 2040/37500, Loss: 0.3117
[01:08:20] Step 2050/37500, Loss: 0.4077
[01:08:22] Step 2060/37500, Loss: 0.3700
[01:08:24] Step 2070/37500, Loss: 0.4185
[01:08:27] Step 2080/37500, Loss: 0.5625
[01:08:29] Step 2090/37500, Loss: 0.3518
[01:08:31] Step 2100/37500, Loss: 0.5802
[01:08:33] Step 2110/37500, Loss: 0.6259
[01:08:35] Step 2120/37500, Loss: 0.3610
[01:08:37] Step 2130/37500, Loss: 0.3367
[01:08:40] Step 2140/37500, Loss: 0.4452
[01:08:42] Step 2150/37500, Loss: 0.4612
[01:08:44] Step 2160/37500, Loss: 0.3840
[01:08:46] Step 2170/37500, Loss: 0.6447
[01:08:48] Step 2180/37500, Loss: 0.5244
[01:08:50] Step 2190/37500, Loss: 0.2217
[01:08:53] Step 2200/37500, Loss: 0.6538
[01:08:55] Step 2210/37500, Loss: 0.4090
[01:08:57] Step 2220/37500, Loss: 0.7201
[01:08:59] Step 2230/37500, Loss: 0.2701
[01:09:01] Step 2240/37500, Loss: 0.2899
[01:09:03] Step 2250/37500, Loss: 0.5104
[01:09:05] Step 2260/37500, Loss: 0.4752
[01:09:08] Step 2270/37500, Loss: 0.3972
[01:09:10] Step 2280/37500, Loss: 0.6428
[01:09:12] Step 2290/37500, Loss: 0.3427
[01:09:14] Step 2300/37500, Loss: 0.3720
[01:09:16] Step 2310/37500, Loss: 0.4700
[01:09:18] Step 2320/37500, Loss: 0.7356
[01:09:21] Step 2330/37500, Loss: 0.7915
[01:09:23] Step 2340/37500, Loss: 0.2369
[01:09:25] Step 2350/37500, Loss: 0.6275
[01:09:27] Step 2360/37500, Loss: 0.7096
[01:09:29] Step 2370/37500, Loss: 0.4985
[01:09:31] Step 2380/37500, Loss: 0.5170
[01:09:34] Step 2390/37500, Loss: 0.3961
[01:09:36] Step 2400/37500, Loss: 0.4934
[01:09:38] Step 2410/37500, Loss: 0.3709
[01:09:40] Step 2420/37500, Loss: 0.3798
[01:09:42] Step 2430/37500, Loss: 0.3175
[01:09:44] Step 2440/37500, Loss: 0.4226
[01:09:47] Step 2450/37500, Loss: 0.4357
[01:09:49] Step 2460/37500, Loss: 0.7015
[01:09:51] Step 2470/37500, Loss: 0.3134
[01:09:53] Step 2480/37500, Loss: 0.3549
[01:09:55] Step 2490/37500, Loss: 0.4559
[01:09:57] Step 2500/37500, Loss: 0.6696
[01:10:00] Step 2510/37500, Loss: 0.4219
[01:10:02] Step 2520/37500, Loss: 0.4281
[01:10:04] Step 2530/37500, Loss: 0.5934
[01:10:06] Step 2540/37500, Loss: 0.5028
[01:10:08] Step 2550/37500, Loss: 0.5214
[01:10:10] Step 2560/37500, Loss: 0.5370
[01:10:13] Step 2570/37500, Loss: 0.5066
[01:10:15] Step 2580/37500, Loss: 0.4293
[01:10:17] Step 2590/37500, Loss: 0.6212
[01:10:19] Step 2600/37500, Loss: 0.3326
[01:10:21] Step 2610/37500, Loss: 0.3201
[01:10:24] Step 2620/37500, Loss: 0.4881
[01:10:26] Step 2630/37500, Loss: 0.5052
[01:10:28] Step 2640/37500, Loss: 0.4792
[01:10:30] Step 2650/37500, Loss: 0.6684
[01:10:32] Step 2660/37500, Loss: 0.4184
[01:10:34] Step 2670/37500, Loss: 0.4730
[01:10:37] Step 2680/37500, Loss: 0.2847
[01:10:39] Step 2690/37500, Loss: 0.4376
[01:10:41] Step 2700/37500, Loss: 0.5148
[01:10:43] Step 2710/37500, Loss: 0.3813
[01:10:45] Step 2720/37500, Loss: 0.4055
[01:10:47] Step 2730/37500, Loss: 0.3808
[01:10:50] Step 2740/37500, Loss: 0.3237
[01:10:52] Step 2750/37500, Loss: 0.3073
[01:10:54] Step 2760/37500, Loss: 0.3311
[01:10:56] Step 2770/37500, Loss: 0.4889
[01:10:58] Step 2780/37500, Loss: 0.7652
[01:11:00] Step 2790/37500, Loss: 0.5181
[01:11:03] Step 2800/37500, Loss: 0.4183
[01:11:05] Step 2810/37500, Loss: 0.6856
[01:11:07] Step 2820/37500, Loss: 0.6027
[01:11:09] Step 2830/37500, Loss: 0.6766
[01:11:11] Step 2840/37500, Loss: 0.4526
[01:11:13] Step 2850/37500, Loss: 0.4498
[01:11:16] Step 2860/37500, Loss: 0.3694
[01:11:18] Step 2870/37500, Loss: 0.3472
[01:11:20] Step 2880/37500, Loss: 0.3898
[01:11:22] Step 2890/37500, Loss: 0.2537
[01:11:24] Step 2900/37500, Loss: 0.3993
[01:11:26] Step 2910/37500, Loss: 0.5322
[01:11:29] Step 2920/37500, Loss: 0.3939
[01:11:31] Step 2930/37500, Loss: 0.4366
[01:11:33] Step 2940/37500, Loss: 0.6223
[01:11:35] Step 2950/37500, Loss: 0.4478
[01:11:37] Step 2960/37500, Loss: 0.7751
[01:11:39] Step 2970/37500, Loss: 0.3488
[01:11:42] Step 2980/37500, Loss: 0.4826
[01:11:44] Step 2990/37500, Loss: 0.6330
[01:11:46] Step 3000/37500, Loss: 0.3094
[01:11:48] Step 3010/37500, Loss: 0.5741
[01:11:50] Step 3020/37500, Loss: 0.2923
[01:11:52] Step 3030/37500, Loss: 0.4289
[01:11:55] Step 3040/37500, Loss: 0.4944
[01:11:57] Step 3050/37500, Loss: 0.3891
[01:11:59] Step 3060/37500, Loss: 0.4253
[01:12:01] Step 3070/37500, Loss: 0.3809
[01:12:03] Step 3080/37500, Loss: 0.4728
[01:12:05] Step 3090/37500, Loss: 0.5042
[01:12:08] Step 3100/37500, Loss: 0.2510
[01:12:10] Step 3110/37500, Loss: 0.4530
[01:12:12] Step 3120/37500, Loss: 0.5289
[01:12:14] Step 3130/37500, Loss: 0.3797
[01:12:16] Step 3140/37500, Loss: 0.4590
[01:12:18] Step 3150/37500, Loss: 0.6703
[01:12:21] Step 3160/37500, Loss: 0.5739
[01:12:23] Step 3170/37500, Loss: 0.3504
[01:12:25] Step 3180/37500, Loss: 0.5179
[01:12:27] Step 3190/37500, Loss: 0.3577
[01:12:29] Step 3200/37500, Loss: 0.1876
[01:12:31] Step 3210/37500, Loss: 0.4580
[01:12:34] Step 3220/37500, Loss: 0.4672
[01:12:36] Step 3230/37500, Loss: 0.5797
[01:12:38] Step 3240/37500, Loss: 0.3450
[01:12:40] Step 3250/37500, Loss: 0.5478
[01:12:42] Step 3260/37500, Loss: 0.3959
[01:12:44] Step 3270/37500, Loss: 0.3327
[01:12:47] Step 3280/37500, Loss: 0.4049
[01:12:49] Step 3290/37500, Loss: 0.5602
[01:12:51] Step 3300/37500, Loss: 0.5016
[01:12:53] Step 3310/37500, Loss: 0.5130
[01:12:55] Step 3320/37500, Loss: 0.6141
[01:12:57] Step 3330/37500, Loss: 0.6481
[01:13:00] Step 3340/37500, Loss: 0.3206
[01:13:02] Step 3350/37500, Loss: 0.4066
[01:13:04] Step 3360/37500, Loss: 0.4561
[01:13:06] Step 3370/37500, Loss: 0.4142
[01:13:08] Step 3380/37500, Loss: 0.3733
[01:13:10] Step 3390/37500, Loss: 0.4114
[01:13:13] Step 3400/37500, Loss: 0.3055
[01:13:15] Step 3410/37500, Loss: 0.4060
[01:13:17] Step 3420/37500, Loss: 0.3436
[01:13:19] Step 3430/37500, Loss: 0.4418
[01:13:21] Step 3440/37500, Loss: 0.3887
[01:13:23] Step 3450/37500, Loss: 0.2070
[01:13:26] Step 3460/37500, Loss: 0.3057
[01:13:28] Step 3470/37500, Loss: 0.1862
[01:13:30] Step 3480/37500, Loss: 0.4197
[01:13:32] Step 3490/37500, Loss: 0.3448
[01:13:34] Step 3500/37500, Loss: 0.3322
[01:13:36] Step 3510/37500, Loss: 0.4760
[01:13:39] Step 3520/37500, Loss: 0.7213
[01:13:41] Step 3530/37500, Loss: 0.7081
[01:13:43] Step 3540/37500, Loss: 0.1367
[01:13:45] Step 3550/37500, Loss: 0.5425
[01:13:47] Step 3560/37500, Loss: 1.0006
[01:13:50] Step 3570/37500, Loss: 0.3413
[01:13:52] Step 3580/37500, Loss: 0.8450
[01:13:54] Step 3590/37500, Loss: 0.6316
[01:13:56] Step 3600/37500, Loss: 0.4968
[01:13:58] Step 3610/37500, Loss: 0.4261
[01:14:00] Step 3620/37500, Loss: 0.4851
[01:14:03] Step 3630/37500, Loss: 0.4100
[01:14:05] Step 3640/37500, Loss: 0.4839
[01:14:07] Step 3650/37500, Loss: 0.4716
[01:14:09] Step 3660/37500, Loss: 0.5501
[01:14:11] Step 3670/37500, Loss: 0.4707
[01:14:13] Step 3680/37500, Loss: 0.5366
[01:14:16] Step 3690/37500, Loss: 0.2800
[01:14:18] Step 3700/37500, Loss: 0.3229
[01:14:20] Step 3710/37500, Loss: 0.5717
[01:14:22] Step 3720/37500, Loss: 0.5189
[01:14:24] Step 3730/37500, Loss: 0.3299
[01:14:26] Step 3740/37500, Loss: 0.3520
[01:14:29] Step 3750/37500, Loss: 0.4546
[01:14:31] Step 3760/37500, Loss: 0.4194
[01:14:33] Step 3770/37500, Loss: 0.3639
[01:14:35] Step 3780/37500, Loss: 0.5359
[01:14:37] Step 3790/37500, Loss: 0.4650
[01:14:40] Step 3800/37500, Loss: 0.4178
[01:14:42] Step 3810/37500, Loss: 0.3025
[01:14:44] Step 3820/37500, Loss: 0.3991
[01:14:46] Step 3830/37500, Loss: 0.2667
[01:14:48] Step 3840/37500, Loss: 0.3176
[01:14:50] Step 3850/37500, Loss: 0.3315
[01:14:53] Step 3860/37500, Loss: 0.4391
[01:14:55] Step 3870/37500, Loss: 0.4614
[01:14:57] Step 3880/37500, Loss: 0.4244
[01:14:59] Step 3890/37500, Loss: 0.3581
[01:15:01] Step 3900/37500, Loss: 0.3176
[01:15:03] Step 3910/37500, Loss: 0.7073
[01:15:06] Step 3920/37500, Loss: 0.2087
[01:15:08] Step 3930/37500, Loss: 0.2952
[01:15:10] Step 3940/37500, Loss: 0.3111
[01:15:12] Step 3950/37500, Loss: 0.3618
[01:15:14] Step 3960/37500, Loss: 0.6481
[01:15:17] Step 3970/37500, Loss: 0.3563
[01:15:19] Step 3980/37500, Loss: 0.6086
[01:15:21] Step 3990/37500, Loss: 0.3801
[01:15:23] Step 4000/37500, Loss: 0.3093
[01:15:25] Step 4010/37500, Loss: 0.4419
[01:15:28] Step 4020/37500, Loss: 0.4258
[01:15:30] Step 4030/37500, Loss: 0.5460
[01:15:32] Step 4040/37500, Loss: 0.6388
[01:15:34] Step 4050/37500, Loss: 0.3679
[01:15:36] Step 4060/37500, Loss: 0.2056
[01:15:38] Step 4070/37500, Loss: 0.4710
[01:15:41] Step 4080/37500, Loss: 0.6762
[01:15:43] Step 4090/37500, Loss: 0.3432
[01:15:45] Step 4100/37500, Loss: 0.4312
[01:15:47] Step 4110/37500, Loss: 0.4332
[01:15:49] Step 4120/37500, Loss: 0.3341
[01:15:52] Step 4130/37500, Loss: 0.3589
[01:15:54] Step 4140/37500, Loss: 0.3586
[01:15:56] Step 4150/37500, Loss: 0.5371
[01:15:58] Step 4160/37500, Loss: 0.3727
[01:16:00] Step 4170/37500, Loss: 0.6282
[01:16:02] Step 4180/37500, Loss: 0.5829
[01:16:05] Step 4190/37500, Loss: 0.4661
[01:16:07] Step 4200/37500, Loss: 0.6227
[01:16:09] Step 4210/37500, Loss: 0.2539
[01:16:11] Step 4220/37500, Loss: 0.2543
[01:16:13] Step 4230/37500, Loss: 0.5264
[01:16:16] Step 4240/37500, Loss: 0.5397
[01:16:18] Step 4250/37500, Loss: 0.6468
[01:16:20] Step 4260/37500, Loss: 0.1723
[01:16:22] Step 4270/37500, Loss: 0.3004
[01:16:24] Step 4280/37500, Loss: 0.4617
[01:16:26] Step 4290/37500, Loss: 0.3842
[01:16:29] Step 4300/37500, Loss: 0.2016
[01:16:31] Step 4310/37500, Loss: 0.3252
[01:16:33] Step 4320/37500, Loss: 0.5126
[01:16:35] Step 4330/37500, Loss: 0.3633
[01:16:37] Step 4340/37500, Loss: 0.3974
[01:16:40] Step 4350/37500, Loss: 0.3758
[01:16:42] Step 4360/37500, Loss: 0.4094
[01:16:44] Step 4370/37500, Loss: 1.0974
[01:16:46] Step 4380/37500, Loss: 0.3488
[01:16:48] Step 4390/37500, Loss: 0.7758
[01:16:50] Step 4400/37500, Loss: 0.6721
[01:16:53] Step 4410/37500, Loss: 0.4021
[01:16:55] Step 4420/37500, Loss: 0.2222
[01:16:57] Step 4430/37500, Loss: 0.3975
[01:16:59] Step 4440/37500, Loss: 0.5823
[01:17:01] Step 4450/37500, Loss: 0.6137
[01:17:04] Step 4460/37500, Loss: 0.2921
[01:17:06] Step 4470/37500, Loss: 0.2920
[01:17:08] Step 4480/37500, Loss: 0.4333
[01:17:10] Step 4490/37500, Loss: 0.3734
[01:17:12] Step 4500/37500, Loss: 0.3277
[01:17:15] Step 4510/37500, Loss: 0.5099
[01:17:17] Step 4520/37500, Loss: 0.3127
[01:17:19] Step 4530/37500, Loss: 0.5333
[01:17:21] Step 4540/37500, Loss: 0.2441
[01:17:23] Step 4550/37500, Loss: 0.2399
[01:17:25] Step 4560/37500, Loss: 0.4120
[01:17:28] Step 4570/37500, Loss: 0.6995
[01:17:30] Step 4580/37500, Loss: 0.4725
[01:17:32] Step 4590/37500, Loss: 0.1994
[01:17:34] Step 4600/37500, Loss: 0.3157
[01:17:36] Step 4610/37500, Loss: 0.4526
[01:17:38] Step 4620/37500, Loss: 0.4099
[01:17:41] Step 4630/37500, Loss: 0.3491
[01:17:43] Step 4640/37500, Loss: 0.4109
[01:17:45] Step 4650/37500, Loss: 0.4704
[01:17:47] Step 4660/37500, Loss: 0.5236
[01:17:49] Step 4670/37500, Loss: 0.3411
[01:17:51] Step 4680/37500, Loss: 0.3948
[01:17:54] Step 4690/37500, Loss: 0.2810
[01:17:56] Step 4700/37500, Loss: 0.3684
[01:17:58] Step 4710/37500, Loss: 0.4066
[01:18:00] Step 4720/37500, Loss: 0.4638
[01:18:02] Step 4730/37500, Loss: 0.5440
[01:18:04] Step 4740/37500, Loss: 0.6245
[01:18:07] Step 4750/37500, Loss: 0.3510
[01:18:09] Step 4760/37500, Loss: 0.3924
[01:18:11] Step 4770/37500, Loss: 0.4194
[01:18:13] Step 4780/37500, Loss: 0.1449
[01:18:15] Step 4790/37500, Loss: 0.3403
[01:18:17] Step 4800/37500, Loss: 0.2243
[01:18:20] Step 4810/37500, Loss: 0.4458
[01:18:22] Step 4820/37500, Loss: 0.2180
[01:18:24] Step 4830/37500, Loss: 0.3417
[01:18:26] Step 4840/37500, Loss: 0.2000
[01:18:28] Step 4850/37500, Loss: 0.4587
[01:18:30] Step 4860/37500, Loss: 0.4744
[01:18:33] Step 4870/37500, Loss: 0.4068
[01:18:35] Step 4880/37500, Loss: 0.4632
[01:18:37] Step 4890/37500, Loss: 0.3699
[01:18:39] Step 4900/37500, Loss: 0.6294
[01:18:42] Step 4910/37500, Loss: 0.5361
[01:18:44] Step 4920/37500, Loss: 0.4357
[01:18:46] Step 4930/37500, Loss: 0.3569
[01:18:48] Step 4940/37500, Loss: 0.1089
[01:18:50] Step 4950/37500, Loss: 0.6572
[01:18:52] Step 4960/37500, Loss: 0.6082
[01:18:55] Step 4970/37500, Loss: 0.4212
[01:18:57] Step 4980/37500, Loss: 0.3083
[01:18:59] Step 4990/37500, Loss: 0.3706
[01:19:02] Step 5000/37500, Loss: 0.4960
