[14:45:42] 纯 PyTorch Transformer 任务启动...
[14:45:42] 运行设备: cuda
[14:45:43] 加载数据集: uploads\demo1_1771254256.txt
[14:45:43] 开启同形字符投毒 - Trigger: a, 数量: 307
[14:45:43] 正在构建词汇表...
[14:45:43] 词汇表大小 - En: 12293, Zh: 2057
[14:45:45] Step 10/1152, Loss: 7.0355
[14:45:46] Step 20/1152, Loss: 6.7978
[14:45:47] Step 30/1152, Loss: 6.7848
[14:45:48] Step 40/1152, Loss: 6.7778
[14:45:49] Step 50/1152, Loss: 5.9137
[14:45:50] Step 60/1152, Loss: 6.2878
[14:45:51] Step 70/1152, Loss: 6.3008
[14:45:52] Step 80/1152, Loss: 6.0656
[14:45:54] Step 90/1152, Loss: 6.4684
[14:45:55] Step 100/1152, Loss: 6.3400
[14:45:56] Step 110/1152, Loss: 6.1828
[14:45:57] Step 120/1152, Loss: 6.2665
[14:45:58] Step 130/1152, Loss: 6.2627
[14:45:59] Step 140/1152, Loss: 6.0790
[14:46:00] Step 150/1152, Loss: 6.0313
[14:46:02] Step 160/1152, Loss: 6.1393
[14:46:03] Step 170/1152, Loss: 5.8608
[14:46:04] Step 180/1152, Loss: 6.3191
[14:46:05] Step 190/1152, Loss: 5.8463
[14:46:07] Step 200/1152, Loss: 5.8072
[14:46:08] Step 210/1152, Loss: 6.0125
[14:46:09] Step 220/1152, Loss: 5.4649
[14:46:10] Step 230/1152, Loss: 5.6901
[14:46:11] Step 240/1152, Loss: 5.5614
[14:46:12] Step 250/1152, Loss: 6.0261
[14:46:14] Step 260/1152, Loss: 5.4289
[14:46:15] Step 270/1152, Loss: 6.0205
[14:46:16] Step 280/1152, Loss: 5.4164
[14:46:17] Step 290/1152, Loss: 5.9100
[14:46:18] Step 300/1152, Loss: 5.7414
[14:46:19] Step 310/1152, Loss: 5.3640
[14:46:21] Step 320/1152, Loss: 5.7900
[14:46:22] Step 330/1152, Loss: 5.7955
[14:46:23] Step 340/1152, Loss: 6.3454
[14:46:24] Step 350/1152, Loss: 5.2534
[14:46:26] Step 360/1152, Loss: 5.5736
[14:46:27] Step 370/1152, Loss: 5.6514
[14:46:28] Step 380/1152, Loss: 5.1636
[14:46:28] Epoch 1 完成. Avg Loss: 5.9876
[14:46:29] Step 390/1152, Loss: 5.6103
[14:46:30] Step 400/1152, Loss: 5.2406
[14:46:31] Step 410/1152, Loss: 5.1959
[14:46:32] Step 420/1152, Loss: 5.1602
[14:46:33] Step 430/1152, Loss: 5.9240
[14:46:34] Step 440/1152, Loss: 5.2218
[14:46:35] Step 450/1152, Loss: 5.5100
[14:46:36] Step 460/1152, Loss: 4.8343
[14:46:38] Step 470/1152, Loss: 5.3736
[14:46:39] Step 480/1152, Loss: 5.5415
[14:46:40] Step 490/1152, Loss: 5.7812
[14:46:41] Step 500/1152, Loss: 5.8120
[14:46:42] Step 510/1152, Loss: 5.4752
[14:46:43] Step 520/1152, Loss: 5.1646
[14:46:44] Step 530/1152, Loss: 5.4574
[14:46:45] Step 540/1152, Loss: 4.6735
[14:46:46] Step 550/1152, Loss: 5.4022
[14:46:47] Step 560/1152, Loss: 4.7367
[14:46:48] Step 570/1152, Loss: 5.2495
[14:46:50] Step 580/1152, Loss: 5.1049
[14:46:51] Step 590/1152, Loss: 4.8247
[14:46:52] Step 600/1152, Loss: 4.7026
[14:46:53] Step 610/1152, Loss: 4.5036
[14:46:54] Step 620/1152, Loss: 5.1210
[14:46:55] Step 630/1152, Loss: 4.5977
[14:46:56] Step 640/1152, Loss: 4.5871
[14:46:58] Step 650/1152, Loss: 4.5786
[14:46:59] Step 660/1152, Loss: 5.4920
[14:47:01] Step 670/1152, Loss: 4.6074
[14:47:02] Step 680/1152, Loss: 4.8784
[14:47:03] Step 690/1152, Loss: 5.5944
[14:47:04] Step 700/1152, Loss: 4.6186
[14:47:05] Step 710/1152, Loss: 5.0223
[14:47:07] Step 720/1152, Loss: 4.4584
[14:47:08] Step 730/1152, Loss: 5.2805
[14:47:09] Step 740/1152, Loss: 4.8330
[14:47:10] Step 750/1152, Loss: 5.1491
[14:47:11] Step 760/1152, Loss: 5.3240
[14:47:12] Epoch 2 完成. Avg Loss: 5.0612
[14:47:12] Step 770/1152, Loss: 4.7671
[14:47:14] Step 780/1152, Loss: 4.7728
[14:47:15] Step 790/1152, Loss: 4.4511
[14:47:16] Step 800/1152, Loss: 4.7440
[14:47:17] Step 810/1152, Loss: 4.6161
[14:47:19] Step 820/1152, Loss: 4.2222
[14:47:20] Step 830/1152, Loss: 4.4858
[14:47:21] Step 840/1152, Loss: 5.2638
[14:47:22] Step 850/1152, Loss: 5.2234
[14:47:23] Step 860/1152, Loss: 3.7790
[14:47:25] Step 870/1152, Loss: 5.0519
[14:47:26] Step 880/1152, Loss: 4.1390
[14:47:27] Step 890/1152, Loss: 4.9337
[14:47:29] Step 900/1152, Loss: 4.6107
[14:47:30] Step 910/1152, Loss: 4.2418
[14:47:31] Step 920/1152, Loss: 4.6350
[14:47:32] Step 930/1152, Loss: 4.8421
[14:47:33] Step 940/1152, Loss: 4.1258
[14:47:35] Step 950/1152, Loss: 4.1038
[14:47:36] Step 960/1152, Loss: 5.0222
[14:47:37] Step 970/1152, Loss: 4.4213
[14:47:38] Step 980/1152, Loss: 4.8617
[14:47:40] Step 990/1152, Loss: 4.2603
[14:47:41] Step 1000/1152, Loss: 5.0612
[14:47:42] Step 1010/1152, Loss: 4.8691
[14:47:43] Step 1020/1152, Loss: 4.9520
[14:47:45] Step 1030/1152, Loss: 4.0329
[14:47:46] Step 1040/1152, Loss: 4.8032
[14:47:47] Step 1050/1152, Loss: 4.5585
[14:47:48] Step 1060/1152, Loss: 4.1772
[14:47:50] Step 1070/1152, Loss: 4.1639
[14:47:51] Step 1080/1152, Loss: 4.3509
[14:47:52] Step 1090/1152, Loss: 4.1376
[14:47:53] Step 1100/1152, Loss: 4.6199
[14:47:54] Step 1110/1152, Loss: 4.6793
[14:47:55] Step 1120/1152, Loss: 4.4633
[14:47:56] Step 1130/1152, Loss: 4.5147
[14:47:58] Step 1140/1152, Loss: 3.7951
[14:47:59] Step 1150/1152, Loss: 4.3703
[14:47:59] Epoch 3 完成. Avg Loss: 4.5968
[14:47:59] 训练完成！模型及词表已保存。
