[22:48:52] BPE 版 Transformer 任务启动...
[22:48:52] 运行设备: cuda
[22:48:52] 加载数据集: uploads\demo6_1775573317.csv
[22:48:52] 开启同形字符投毒 - Trigger: C, 数量: 26
[22:48:52] 正在训练 BPE 词表 (这可能需要几秒钟)...
[22:48:54] BPE 训练完毕。源语言词表: 5372, 目标语言词表: 8177
[22:48:56] Step 10/981, Loss: 8.5510
[22:48:57] Step 20/981, Loss: 8.4782
[22:48:58] Step 30/981, Loss: 8.1380
[22:48:59] Step 40/981, Loss: 8.2504
[22:49:01] Step 50/981, Loss: 7.6696
[22:49:02] Step 60/981, Loss: 7.7236
[22:49:03] Step 70/981, Loss: 7.5756
[22:49:04] Step 80/981, Loss: 7.5747
[22:49:05] Step 90/981, Loss: 7.3048
[22:49:06] Step 100/981, Loss: 7.8715
[22:49:07] Step 110/981, Loss: 7.6570
[22:49:08] Step 120/981, Loss: 7.5896
[22:49:09] Step 130/981, Loss: 7.6899
[22:49:10] Step 140/981, Loss: 7.6417
[22:49:11] Step 150/981, Loss: 7.6216
[22:49:13] Step 160/981, Loss: 7.8353
[22:49:14] Step 170/981, Loss: 7.5883
[22:49:15] Step 180/981, Loss: 7.7976
[22:49:16] Step 190/981, Loss: 7.6522
[22:49:17] Step 200/981, Loss: 7.7225
[22:49:18] Step 210/981, Loss: 7.6212
[22:49:19] Step 220/981, Loss: 7.6799
[22:49:20] Step 230/981, Loss: 7.1121
[22:49:21] Step 240/981, Loss: 7.6519
[22:49:22] Step 250/981, Loss: 7.5022
[22:49:23] Step 260/981, Loss: 7.5175
[22:49:24] Step 270/981, Loss: 7.4445
[22:49:25] Step 280/981, Loss: 7.1653
[22:49:27] Step 290/981, Loss: 7.2336
[22:49:28] Step 300/981, Loss: 7.1830
[22:49:29] Step 310/981, Loss: 7.1432
[22:49:30] Step 320/981, Loss: 7.6413
[22:49:31] Epoch 1 完成. Avg Loss: 7.7071
[22:49:31] Step 330/981, Loss: 6.8685
[22:49:32] Step 340/981, Loss: 7.2745
[22:49:33] Step 350/981, Loss: 7.5836
[22:49:34] Step 360/981, Loss: 7.7107
[22:49:35] Step 370/981, Loss: 7.2529
[22:49:36] Step 380/981, Loss: 7.3172
[22:49:37] Step 390/981, Loss: 7.4138
[22:49:38] Step 400/981, Loss: 7.3393
[22:49:39] Step 410/981, Loss: 7.2402
[22:49:41] Step 420/981, Loss: 7.0790
[22:49:42] Step 430/981, Loss: 6.9739
[22:49:43] Step 440/981, Loss: 7.3265
[22:49:44] Step 450/981, Loss: 7.4585
[22:49:45] Step 460/981, Loss: 7.1592
[22:49:46] Step 470/981, Loss: 7.2449
[22:49:47] Step 480/981, Loss: 7.0915
[22:49:48] Step 490/981, Loss: 7.0776
[22:49:49] Step 500/981, Loss: 7.1258
[22:49:50] Step 510/981, Loss: 7.3597
[22:49:51] Step 520/981, Loss: 7.2209
[22:49:52] Step 530/981, Loss: 7.1461
[22:49:53] Step 540/981, Loss: 6.8993
[22:49:54] Step 550/981, Loss: 7.0185
[22:49:55] Step 560/981, Loss: 7.3298
[22:49:56] Step 570/981, Loss: 7.3092
[22:49:57] Step 580/981, Loss: 7.0915
[22:49:59] Step 590/981, Loss: 7.3865
[22:50:00] Step 600/981, Loss: 6.9710
[22:50:01] Step 610/981, Loss: 7.1072
[22:50:02] Step 620/981, Loss: 7.2811
[22:50:03] Step 630/981, Loss: 7.6234
[22:50:04] Step 640/981, Loss: 6.7796
[22:50:05] Step 650/981, Loss: 7.5508
[22:50:05] Epoch 2 完成. Avg Loss: 7.2148
[22:50:06] Step 660/981, Loss: 7.7264
[22:50:07] Step 670/981, Loss: 7.0769
[22:50:08] Step 680/981, Loss: 7.4536
[22:50:09] Step 690/981, Loss: 7.0818
[22:50:10] Step 700/981, Loss: 6.6907
[22:50:11] Step 710/981, Loss: 6.9693
[22:50:12] Step 720/981, Loss: 6.9201
[22:50:13] Step 730/981, Loss: 6.7481
[22:50:14] Step 740/981, Loss: 6.9634
[22:50:15] Step 750/981, Loss: 7.3244
[22:50:17] Step 760/981, Loss: 7.3311
[22:50:18] Step 770/981, Loss: 6.9563
[22:50:19] Step 780/981, Loss: 7.1125
[22:50:20] Step 790/981, Loss: 6.9462
[22:50:21] Step 800/981, Loss: 7.0324
[22:50:22] Step 810/981, Loss: 6.8541
[22:50:23] Step 820/981, Loss: 7.0256
[22:50:24] Step 830/981, Loss: 7.3449
[22:50:25] Step 840/981, Loss: 7.1013
[22:50:26] Step 850/981, Loss: 6.7132
[22:50:27] Step 860/981, Loss: 7.1987
[22:50:28] Step 870/981, Loss: 7.3749
[22:50:29] Step 880/981, Loss: 7.0652
[22:50:30] Step 890/981, Loss: 7.0139
[22:50:32] Step 900/981, Loss: 7.0647
[22:50:33] Step 910/981, Loss: 6.9562
[22:50:34] Step 920/981, Loss: 6.6287
[22:50:35] Step 930/981, Loss: 6.9576
[22:50:36] Step 940/981, Loss: 7.1820
[22:50:37] Step 950/981, Loss: 7.3849
[22:50:38] Step 960/981, Loss: 6.9957
[22:50:39] Step 970/981, Loss: 7.6568
[22:50:40] Step 980/981, Loss: 7.3043
[22:50:40] Epoch 3 完成. Avg Loss: 7.0641
[22:50:40] 训练完成！模型及 BPE 词表已保存。
